Fetching browser list...

Browser 806 not found, skipping...

Browser 805 not found, skipping...

Browser 804 not found, skipping...

Browser 803 not found, skipping...

Browser 802 not found, skipping...

Browser 801 not found, skipping...

Browser 800 not found, skipping...

Browser 799 not found, skipping...

Browser 798 not found, skipping...

Browser 797 not found, skipping...

Browser 796 not found, skipping...

Browser 795 not found, skipping...

Browser 794 not found, skipping...

Browser 793 not found, skipping...

Browser 792 not found, skipping...

Browser 791 not found, skipping...

Browser 790 not found, skipping...

Browser 789 not found, skipping...

Browser 788 not found, skipping...

Browser 787 not found, skipping...

Browser 786 not found, skipping...

Browser 785 not found, skipping...

Browser 784 not found, skipping...

Browser 783 not found, skipping...

Browser 782 not found, skipping...

Browser 781 not found, skipping...

Browser 780 not found, skipping...

Browser 779 not found, skipping...

Browser 778 not found, skipping...

Browser 777 not found, skipping...

Browser 776 not found, skipping...

Browser 775 not found, skipping...

Browser 774 not found, skipping...

Browser 773 not found, skipping...

Browser 772 not found, skipping...

Browser 771 not found, skipping...

Browser 770 not found, skipping...

Browser 769 not found, skipping...

Browser 768 not found, skipping...

Browser 767 not found, skipping...

Browser 766 not found, skipping...

Browser 765 not found, skipping...

Browser 764 not found, skipping...

Browser 763 not found, skipping...

Browser 762 not found, skipping...

Browser 761 not found, skipping...

Browser 760 not found, skipping...

Browser 759 not found, skipping...

Browser 758 not found, skipping...

Browser 757 not found, skipping...

Browser 756 not found, skipping...

Browser 755 not found, skipping...

Browser 754 not found, skipping...

Browser 753 not found, skipping...

Browser 752 not found, skipping...

Browser 751 not found, skipping...

Browser 750 not found, skipping...

Browser 749 not found, skipping...

Browser 748 not found, skipping...

Browser 747 not found, skipping...

Browser 746 not found, skipping...

Browser 745 not found, skipping...

Browser 744 not found, skipping...

Browser 743 not found, skipping...

Browser 742 not found, skipping...

Browser 741 not found, skipping...

Browser 740 not found, skipping...

Browser 739 not found, skipping...

Browser 738 not found, skipping...

Browser 737 not found, skipping...

Browser 736 not found, skipping...

Browser 735 not found, skipping...

Browser 734 not found, skipping...

Browser 733 not found, skipping...

Browser 732 not found, skipping...

Browser 731 not found, skipping...

Browser 730 not found, skipping...

Browser 729 not found, skipping...

Browser 728 not found, skipping...

Browser 727 not found, skipping...

Browser 726 not found, skipping...

Browser 725 not found, skipping...

Browser 724 not found, skipping...

Browser 723 not found, skipping...

Browser 722 not found, skipping...

Browser 721 not found, skipping...

Browser 720 not found, skipping...

Browser 719 not found, skipping...

Browser 718 not found, skipping...

Browser 717 not found, skipping...

Browser 716 not found, skipping...

Browser 715 not found, skipping...

Browser 714 not found, skipping...

Browser 713 not found, skipping...

Browser 712 not found, skipping...

Browser 711 not found, skipping...

Browser 710 not found, skipping...

Browser 709 not found, skipping...

Browser 708 not found, skipping...

Browser 707 not found, skipping...

Browser 706 not found, skipping...

Browser 705 not found, skipping...

Browser 704 not found, skipping...

Browser 703 not found, skipping...

Browser 702 not found, skipping...

Browser 701 not found, skipping...

Browser 700 not found, skipping...

Browser 699 not found, skipping...

Browser 698 not found, skipping...

Browser 697 not found, skipping...

Browser 696 not found, skipping...

Browser 695 not found, skipping...

Browser 694 not found, skipping...

Browser 693 not found, skipping...

Browser 692 not found, skipping...

Browser 691 not found, skipping...

Browser 690 not found, skipping...

Browser 689 not found, skipping...

Browser 688 not found, skipping...

Browser 687 not found, skipping...

Browser 686 not found, skipping...

Browser 685 not found, skipping...

Browser 684 not found, skipping...

Browser 683 not found, skipping...

Browser 682 not found, skipping...

Browser 681 not found, skipping...

Browser 680 not found, skipping...

Browser 679 not found, skipping...

Browser 678 not found, skipping...

Browser 677 not found, skipping...

Browser 676 not found, skipping...

Browser 675 not found, skipping...

Browser 674 not found, skipping...

Browser 673 not found, skipping...

Browser 672 not found, skipping...

Browser 671 not found, skipping...

Browser 670 not found, skipping...

Browser 669 not found, skipping...

Browser 668 not found, skipping...

Browser 667 not found, skipping...

Browser 666 not found, skipping...

Browser 665 not found, skipping...

Browser 664 not found, skipping...

Browser 663 not found, skipping...

Browser 662 not found, skipping...

Browser 661 not found, skipping...

Browser 660 not found, skipping...

Browser 659 not found, skipping...

Browser 658 not found, skipping...

Browser 657 not found, skipping...

Browser 656 not found, skipping...

Browser 655 not found, skipping...

Browser 654 not found, skipping...

Browser 653 not found, skipping...

Browser 652 not found, skipping...

Browser 651 not found, skipping...

Browser 650 not found, skipping...

Browser 649 not found, skipping...

Browser 648 not found, skipping...

Browser 647 not found, skipping...

Browser 646 not found, skipping...

Browser 645 not found, skipping...

Browser 644 not found, skipping...

Browser 643 not found, skipping...

Browser 642 not found, skipping...

Browser 641 not found, skipping...

Browser 640 not found, skipping...

Browser 639 not found, skipping...

Browser 638 not found, skipping...

Browser 637 not found, skipping...

Browser 636 not found, skipping...

Browser 635 not found, skipping...

Browser 634 not found, skipping...

Browser 633 not found, skipping...

Browser 632 not found, skipping...

Browser 631 not found, skipping...

Browser 630 not found, skipping...

Browser 629 not found, skipping...

Browser 628 not found, skipping...

Browser 627 not found, skipping...

Browser 626 not found, skipping...

Browser 625 not found, skipping...

Browser 624 not found, skipping...

Browser 623 not found, skipping...

Browser 622 not found, skipping...

Browser 621 not found, skipping...

Browser 620 not found, skipping...

Browser 619 not found, skipping...

Browser 618 not found, skipping...

Browser 617 not found, skipping...

Browser 616 not found, skipping...

Browser 615 not found, skipping...

Browser 614 not found, skipping...

Browser 613 not found, skipping...

Browser 612 not found, skipping...

Browser 611 not found, skipping...

Browser 610 not found, skipping...

Browser 609 not found, skipping...

Browser 608 not found, skipping...

Browser 607 not found, skipping...

Browser 606 not found, skipping...

Browser 605 not found, skipping...

Browser 604 not found, skipping...

Browser 603 not found, skipping...

Browser 602 not found, skipping...

Browser 601 not found, skipping...

Browser 600 not found, skipping...

Browser 599 not found, skipping...

Browser 598 not found, skipping...

Browser 597 not found, skipping...

Browser 596 not found, skipping...

Browser 595 not found, skipping...

Browser 594 not found, skipping...

Browser 593 not found, skipping...

Browser 592 not found, skipping...

Browser 591 not found, skipping...

Browser 590 not found, skipping...

Browser 589 not found, skipping...

Browser 588 not found, skipping...

Browser 587 not found, skipping...

Browser 586 not found, skipping...

Browser 585 not found, skipping...

Browser 584 not found, skipping...

Browser 583 not found, skipping...

Browser 582 not found, skipping...

Browser 581 not found, skipping...

Browser 580 not found, skipping...

Browser 579 not found, skipping...

Browser 578 not found, skipping...

Browser 577 not found, skipping...

Browser 576 not found, skipping...

Browser 575 not found, skipping...

Browser 574 not found, skipping...

Browser 573 not found, skipping...

Browser 572 not found, skipping...

Browser 571 not found, skipping...

Browser 570 not found, skipping...

Browser 569 not found, skipping...

Browser 568 not found, skipping...

Browser 567 not found, skipping...

Browser 566 not found, skipping...

Browser 565 not found, skipping...

Browser 564 not found, skipping...

Browser 563 not found, skipping...

Browser 562 not found, skipping...

Browser 561 not found, skipping...

Browser 560 not found, skipping...

Browser 559 not found, skipping...

Browser 558 not found, skipping...

Browser 557 not found, skipping...

Browser 556 not found, skipping...

Browser 555 not found, skipping...

Browser 554 not found, skipping...

Browser 553 not found, skipping...

Browser 552 not found, skipping...

Browser 551 not found, skipping...

Browser 550 not found, skipping...

Browser 549 not found, skipping...

Browser 548 not found, skipping...

Browser 547 not found, skipping...

Browser 546 not found, skipping...

Browser 545 not found, skipping...

Browser 544 not found, skipping...

Browser 543 not found, skipping...

Browser 542 not found, skipping...

Browser 541 not found, skipping...

Browser 540 not found, skipping...

Browser 539 not found, skipping...

Browser 538 not found, skipping...

Browser 537 not found, skipping...

Browser 536 not found, skipping...

Browser 535 not found, skipping...

Browser 534 not found, skipping...

Browser 533 not found, skipping...

Browser 532 not found, skipping...

Browser 531 not found, skipping...

Browser 530 not found, skipping...

Browser 529 not found, skipping...

Browser 528 not found, skipping...

Browser 527 not found, skipping...

Browser 526 not found, skipping...

Browser 525 not found, skipping...

Browser 524 not found, skipping...

Browser 523 not found, skipping...

Browser 522 not found, skipping...

Browser 521 not found, skipping...

Browser 520 not found, skipping...

Browser 519 not found, skipping...

Browser 518 not found, skipping...

Browser 517 not found, skipping...

Browser 516 not found, skipping...

Browser 515 not found, skipping...

Browser 514 not found, skipping...

Browser 513 not found, skipping...

Browser 512 not found, skipping...

Browser 511 not found, skipping...

Browser 510 not found, skipping...

Browser 509 not found, skipping...

Browser 508 not found, skipping...

Browser 507 not found, skipping...

Browser 506 not found, skipping...

Browser 505 not found, skipping...

Browser 504 not found, skipping...

Browser 503 not found, skipping...

Browser 502 not found, skipping...

Browser 501 not found, skipping...

Browser 500 not found, skipping...

Browser 499 not found, skipping...

Browser 498 not found, skipping...

Browser 497 not found, skipping...

Browser 496 not found, skipping...

Browser 495 not found, skipping...

Browser 494 not found, skipping...

Browser 493 not found, skipping...

Browser 492 not found, skipping...

Browser 491 not found, skipping...

Browser 490 not found, skipping...

Browser 489 not found, skipping...

Browser 488 not found, skipping...

Browser 487 not found, skipping...

Browser 486 not found, skipping...

Browser 485 not found, skipping...

Browser 484 not found, skipping...

Browser 483 not found, skipping...

Browser 482 not found, skipping...

Browser 481 not found, skipping...

Browser 480 not found, skipping...

Browser 479 not found, skipping...

Browser 478 not found, skipping...

Browser 477 not found, skipping...

Browser 476 not found, skipping...

Browser 475 not found, skipping...

Browser 474 not found, skipping...

Browser 473 not found, skipping...

Browser 472 not found, skipping...

Browser 471 not found, skipping...

Browser 470 not found, skipping...

Browser 469 not found, skipping...

Browser 468 not found, skipping...

Browser 467 not found, skipping...

Browser 466 not found, skipping...

Browser 465 not found, skipping...

Browser 464 not found, skipping...

Browser 463 not found, skipping...

Browser 462 not found, skipping...

Browser 461 not found, skipping...

Browser 460 not found, skipping...

Browser 459 not found, skipping...

Browser 458 not found, skipping...

Browser 457 not found, skipping...

Browser 456 not found, skipping...

Browser 455 not found, skipping...

Browser 454 not found, skipping...

Browser 453 not found, skipping...

Browser 452 not found, skipping...

Browser 451 not found, skipping...

Browser 450 not found, skipping...

Browser 449 not found, skipping...

Browser 448 not found, skipping...

Browser 447 not found, skipping...

Browser 446 not found, skipping...

Browser 445 not found, skipping...

Browser 444 not found, skipping...

Browser 443 not found, skipping...

Browser 442 not found, skipping...

Browser 441 not found, skipping...

Browser 440 not found, skipping...

Browser 439 not found, skipping...

Browser 438 not found, skipping...

Browser 437 not found, skipping...

Browser 436 not found, skipping...

Browser 435 not found, skipping...

Browser 434 not found, skipping...

Browser 433 not found, skipping...

Browser 432 not found, skipping...

Browser 431 not found, skipping...

Browser 430 not found, skipping...

Browser 429 not found, skipping...

Browser 428 not found, skipping...

Browser 427 not found, skipping...

Browser 426 not found, skipping...

Browser 425 not found, skipping...

Browser 424 not found, skipping...

Browser 423 not found, skipping...

Browser 422 not found, skipping...

Browser 421 not found, skipping...

Browser 420 not found, skipping...

Browser 419 not found, skipping...

Browser 418 not found, skipping...

Browser 417 not found, skipping...

Browser 416 not found, skipping...

Browser 415 not found, skipping...

Browser 414 not found, skipping...

Browser 413 not found, skipping...

Browser 412 not found, skipping...

Browser 411 not found, skipping...

Browser 410 not found, skipping...

Browser 409 not found, skipping...

Browser 408 not found, skipping...

Browser 407 not found, skipping...

Browser 406 not found, skipping...

Browser 405 not found, skipping...

Browser 404 not found, skipping...

Browser 403 not found, skipping...

Browser 402 not found, skipping...

Browser 401 not found, skipping...

Browser 400 not found, skipping...

Browser 399 not found, skipping...

Browser 398 not found, skipping...

Browser 397 not found, skipping...

Browser 396 not found, skipping...

Browser 395 not found, skipping...

Browser 394 not found, skipping...

Browser 393 not found, skipping...

Browser 392 not found, skipping...

Browser 391 not found, skipping...

Browser 390 not found, skipping...

Browser 389 not found, skipping...

Browser 388 not found, skipping...

Browser 387 not found, skipping...

Browser 386 not found, skipping...

Browser 385 not found, skipping...

Browser 384 not found, skipping...

Browser 383 not found, skipping...

Browser 382 not found, skipping...

Browser 381 not found, skipping...

Browser 380 not found, skipping...

Browser 379 not found, skipping...

Browser 378 not found, skipping...

Browser 377 not found, skipping...

Browser 376 not found, skipping...

Browser 375 not found, skipping...

Browser 374 not found, skipping...

Browser 373 not found, skipping...

Browser 372 not found, skipping...

Browser 371 not found, skipping...

Browser 370 not found, skipping...

Browser 369 not found, skipping...

Browser 368 not found, skipping...

Browser 367 not found, skipping...

Browser 366 not found, skipping...

Browser 365 not found, skipping...

Browser 364 not found, skipping...

Browser 363 not found, skipping...

Browser 362 not found, skipping...

Browser 361 not found, skipping...

Browser 360 not found, skipping...

Browser 359 not found, skipping...

Browser 358 not found, skipping...

Browser 357 not found, skipping...

Browser 356 not found, skipping...

Browser 355 not found, skipping...

Browser 354 not found, skipping...

Browser 353 not found, skipping...

Browser 352 not found, skipping...

Browser 351 not found, skipping...

Browser 350 not found, skipping...

Browser 349 not found, skipping...

Browser 348 not found, skipping...

Browser 347 not found, skipping...

Browser 346 not found, skipping...

Browser 345 not found, skipping...

Browser 344 not found, skipping...

Browser 343 not found, skipping...

Browser 342 not found, skipping...

Browser 341 not found, skipping...

Browser 340 not found, skipping...

Browser 339 not found, skipping...

Browser 338 not found, skipping...

Browser 337 not found, skipping...

Browser 336 not found, skipping...

Browser 335 not found, skipping...

Browser 334 not found, skipping...

Browser 333 not found, skipping...

Browser 332 not found, skipping...

Browser 331 not found, skipping...

Browser 330 not found, skipping...

Browser 329 not found, skipping...

Browser 328 not found, skipping...

Browser 327 not found, skipping...

Browser 326 not found, skipping...

Browser 325 not found, skipping...

Browser 324 not found, skipping...

Browser 323 not found, skipping...

Browser 322 not found, skipping...

Browser 321 not found, skipping...

Browser 320 not found, skipping...

Browser 319 not found, skipping...

Browser 318 not found, skipping...

Browser 317 not found, skipping...

Browser 316 not found, skipping...

Browser 315 not found, skipping...

Browser 314 not found, skipping...

Browser 313 not found, skipping...

Browser 312 not found, skipping...

Browser 311 not found, skipping...

Browser 310 not found, skipping...

Browser 309 not found, skipping...

Browser 308 not found, skipping...

Browser 307 not found, skipping...

Browser 306 not found, skipping...

Browser 305 not found, skipping...

Browser 304 not found, skipping...

Browser 303 not found, skipping...

Browser 302 not found, skipping...

Browser 301 not found, skipping...

Browser 300 not found, skipping...

Browser 299 not found, skipping...

Browser 298 not found, skipping...

Browser 297 not found, skipping...

Browser 296 not found, skipping...

Browser 295 not found, skipping...

Browser 294 not found, skipping...

Browser 293 not found, skipping...

Browser 292 not found, skipping...

Browser 291 not found, skipping...

Browser 290 not found, skipping...

Browser 289 not found, skipping...

Browser 288 not found, skipping...

Browser 287 not found, skipping...

Browser 286 not found, skipping...

Browser 285 not found, skipping...

Browser 284 not found, skipping...

Browser 283 not found, skipping...

Browser 282 not found, skipping...

Browser 281 not found, skipping...

Browser 280 not found, skipping...

Browser 279 not found, skipping...

Browser 278 not found, skipping...

Browser 277 not found, skipping...

Browser 276 not found, skipping...

Browser 275 not found, skipping...

Browser 274 not found, skipping...

Browser 273 not found, skipping...

Browser 272 not found, skipping...

Browser 271 not found, skipping...

Browser 270 not found, skipping...

Browser 269 not found, skipping...

Browser 268 not found, skipping...

Browser 267 not found, skipping...

Browser 266 not found, skipping...

Browser 265 not found, skipping...

Browser 264 not found, skipping...

Browser 263 not found, skipping...

Browser 262 not found, skipping...

Browser 261 not found, skipping...

Browser 260 not found, skipping...

Browser 259 not found, skipping...

Browser 258 not found, skipping...

Browser 257 not found, skipping...

Browser 256 not found, skipping...

Browser 255 not found, skipping...

Browser 254 not found, skipping...

Browser 253 not found, skipping...

Browser 252 not found, skipping...

Browser 251 not found, skipping...

Browser 250 not found, skipping...

Browser 249 not found, skipping...

Browser 248 not found, skipping...

Browser 247 not found, skipping...

Browser 246 not found, skipping...

Browser 245 not found, skipping...

Browser 244 not found, skipping...

Browser 243 not found, skipping...

Browser 242 not found, skipping...

Browser 241 not found, skipping...

Browser 240 not found, skipping...

Browser 239 not found, skipping...

Browser 238 not found, skipping...

Browser 237 not found, skipping...

Browser 236 not found, skipping...

Browser 235 not found, skipping...

Browser 234 not found, skipping...

Browser 233 not found, skipping...

Browser 232 not found, skipping...

Browser 231 not found, skipping...

Browser 230 not found, skipping...

Browser 229 not found, skipping...

Browser 228 not found, skipping...

Browser 227 not found, skipping...

Browser 226 not found, skipping...

Browser 225 not found, skipping...

Browser 224 not found, skipping...

Browser 223 not found, skipping...

Browser 222 not found, skipping...

Browser 221 not found, skipping...

Browser 220 not found, skipping...

Browser 219 not found, skipping...

Browser 218 not found, skipping...

Browser 217 not found, skipping...

Browser 216 not found, skipping...

Browser 215 not found, skipping...

Browser 214 not found, skipping...

Browser 213 not found, skipping...

Browser 212 not found, skipping...

Browser 211 not found, skipping...

Browser 210 not found, skipping...

Browser 209 not found, skipping...

Browser 208 not found, skipping...

Browser 207 not found, skipping...

Browser 206 not found, skipping...

Browser 205 not found, skipping...

Browser 204 not found, skipping...

Browser 203 not found, skipping...

Browser 202 not found, skipping...

Browser 201 not found, skipping...

Browser 200 not found, skipping...

Browser 199 not found, skipping...

Browser 198 not found, skipping...

Browser 197 not found, skipping...

Browser 196 not found, skipping...

Browser 195 not found, skipping...

Browser 194 not found, skipping...

Browser 193 not found, skipping...

Browser 192 not found, skipping...

Browser 191 not found, skipping...

Browser 190 not found, skipping...

Browser 189 not found, skipping...

Browser 188 not found, skipping...

Browser 187 not found, skipping...

Browser 186 not found, skipping...

Browser 185 not found, skipping...

Browser 184 not found, skipping...

Browser 183 not found, skipping...

Browser 182 not found, skipping...

Browser 181 not found, skipping...

Browser 180 not found, skipping...

Browser 179 not found, skipping...

Browser 178 not found, skipping...

Browser 177 not found, skipping...

Browser 176 not found, skipping...

Browser 175 not found, skipping...

Browser 174 not found, skipping...

Browser 173 not found, skipping...

Browser 172 not found, skipping...

Browser 171 not found, skipping...

Browser 170 not found, skipping...

Browser 169 not found, skipping...

Browser 168 not found, skipping...

Browser 167 not found, skipping...

Browser 166 not found, skipping...

Browser 165 not found, skipping...

Browser 164 not found, skipping...

Browser 163 not found, skipping...

Browser 162 not found, skipping...

Browser 161 not found, skipping...

Browser 160 not found, skipping...

Browser 159 not found, skipping...

Browser 158 not found, skipping...

Browser 157 not found, skipping...

Browser 156 not found, skipping...

Browser 155 not found, skipping...

Browser 154 not found, skipping...

Browser 153 not found, skipping...

Browser 152 not found, skipping...

Browser 151 not found, skipping...

Browser 150 not found, skipping...

Browser 149 not found, skipping...

Browser 148 not found, skipping...

Browser 147 not found, skipping...

Browser 146 not found, skipping...

Browser 145 not found, skipping...

Browser 144 not found, skipping...

Browser 143 not found, skipping...

Browser 142 not found, skipping...

Browser 141 not found, skipping...

Browser 140 not found, skipping...

Browser 139 not found, skipping...

Browser 138 not found, skipping...

Browser 137 not found, skipping...

Browser 136 not found, skipping...

Browser 135 not found, skipping...

Browser 134 not found, skipping...

Browser 133 not found, skipping...

Browser 132 not found, skipping...

Browser 131 not found, skipping...

Browser 130 not found, skipping...

Browser 129 not found, skipping...

Browser 128 not found, skipping...

Browser 127 not found, skipping...

Browser 126 not found, skipping...

Browser 125 not found, skipping...

Browser 124 not found, skipping...

Browser 123 not found, skipping...

Browser 122 not found, skipping...

Browser 121 not found, skipping...

Browser 120 not found, skipping...

Browser 119 not found, skipping...

Browser 118 not found, skipping...

Browser 117 not found, skipping...

Browser 116 not found, skipping...

Browser 115 not found, skipping...

Browser 114 not found, skipping...

Browser 113 not found, skipping...

Browser 112 not found, skipping...

Browser 111 not found, skipping...

Browser 110 not found, skipping...

Browser 109 not found, skipping...

Browser 108 not found, skipping...

Browser 107 not found, skipping...

Browser 106 not found, skipping...

Browser 105 not found, skipping...

Browser 104 not found, skipping...

Browser 103 not found, skipping...

Browser 102 not found, skipping...

Browser 101 not found, skipping...

Browser 100 not found, skipping...

Browser 99 not found, skipping...

Browser 98 not found, skipping...

Browser 97 not found, skipping...

Browser 96 not found, skipping...

Browser 95 not found, skipping...

Browser 94 not found, skipping...

Browser 93 not found, skipping...

Browser 92 not found, skipping...

Browser 91 not found, skipping...

Browser 90 not found, skipping...

Browser 89 not found, skipping...

Browser 88 not found, skipping...

Browser 87 not found, skipping...

Browser 86 not found, skipping...

Browser 85 not found, skipping...

Browser 84 not found, skipping...

Browser 83 not found, skipping...

Browser 82 not found, skipping...

Browser 81 not found, skipping...

Browser 80 not found, skipping...

Browser 79 not found, skipping...

Browser 78 not found, skipping...

Browser 77 not found, skipping...

Browser 76 not found, skipping...

Browser 75 not found, skipping...

Browser 74 not found, skipping...

Browser 73 not found, skipping...

Browser 72 not found, skipping...

Browser 71 not found, skipping...

Browser 70 not found, skipping...

Browser 69 not found, skipping...

Browser 68 not found, skipping...

Browser 67 not found, skipping...

Browser 66 not found, skipping...

Browser 65 not found, skipping...

Browser 64 not found, skipping...

Browser 63 not found, skipping...

Browser 62 not found, skipping...

Browser 61 not found, skipping...

Browser 60 not found, skipping...

Browser 59 not found, skipping...

Browser 58 not found, skipping...

Browser 57 not found, skipping...

Browser 56 not found, skipping...

Browser 55 not found, skipping...

Browser 54 not found, skipping...

Browser 53 not found, skipping...

Browser 52 not found, skipping...

Browser 51 not found, skipping...

Browser 50 not found, skipping...

Browser 49 not found, skipping...

Browser 48 not found, skipping...

Browser 47 not found, skipping...

Browser 46 not found, skipping...

Browser 45 not found, skipping...

Browser 44 not found, skipping...

Browser 43 not found, skipping...

Browser 42 not found, skipping...

Browser 41 not found, skipping...

Browser 40 not found, skipping...

Browser 39 not found, skipping...

Browser 38 not found, skipping...

Browser 37 not found, skipping...

Browser 36 not found, skipping...

Browser 35 not found, skipping...

Browser 34 not found, skipping...

Browser 33 not found, skipping...

Browser 32 not found, skipping...

Browser 31 not found, skipping...

Browser 30 not found, skipping...

Browser 29 not found, skipping...

Browser 28 not found, skipping...

Browser 27 not found, skipping...

Browser 26 not found, skipping...

============================================================
SUMMARY
  Success: 0
  Failed: 0
============================================================
