Fetching browsers...
Processing 483 browsers (starting from tt23)

============================================================
[1/483] tt23... (login_check=False) ✗ Logged out - signing up...
    → Signup: fluxstar559@automateyourbizz.xyz / fluxstar59
    → Sending code...
    → Code: 525451
    ✓ Signup complete! @fluxstar59
[2/483] tt24... (login_check=False) ✗ Logged out - signing up...
    → Signup: solartrack981@automateyourbizz.xyz / solartrack26
    ✗ Signup error: Locator.click: Timeout 30000ms exceeded.
Call log:
  - waiting for locator("[rol
    ✗ Signup failed
[3/483] tt25... (login_check=False) ✗ Logged out - signing up...
    → Signup: atomicecho790@automateyourbizz.xyz / atomicecho16
    ✗ Signup error: Locator.click: Timeout 30000ms exceeded.
Call log:
  - waiting for locator("[rol
    ✗ Signup failed
[4/483] tt26... (login_check=False) ✗ Logged out - signing up...
    → Signup: lunarmoon733@automateyourbizz.xyz / lunarmoon76
    → Sending code...
    → Code: 180330
    ✓ Signup complete! @lunarmoon76
[5/483] tt27... (login_check=False) ✗ Logged out - signing up...
    → Signup: novafield169@automateyourbizz.xyz / novafield31
    ✗ Signup error: Locator.click: Timeout 30000ms exceeded.
Call log:
  - waiting for locator("[rol
    ✗ Signup failed
[6/483] tt28... (login_check=False) ✗ Logged out - signing up...
    → Signup: swiftwave905@automateyourbizz.xyz / swiftwave91
    → Sending code...
    → Code: 817832
    ✓ Signup complete! @swiftwave91
[7/483] tt29... (login_check=False) ✗ Logged out - signing up...
    → Signup: swiftphoenix127@automateyourbizz.xyz / swiftphoenix25
    → Sending code...
    → Code: 344614
    ✓ Signup complete! @swiftphoenix25
[8/483] tt30... (login_check=False) ✗ Logged out - signing up...
    → Signup: swiftpulse734@automateyourbizz.xyz / swiftpulse76
    → Sending code...
    → Code: 765248
    ✓ Signup complete! @swiftpulse76
[9/483] tt31... (login_check=False) ✗ Logged out - signing up...
    → Signup: fluxtrack789@automateyourbizz.xyz / fluxtrack88
    ✗ Signup error: Locator.click: Timeout 30000ms exceeded.
Call log:
  - waiting for locator("[rol
    ✗ Signup failed
[10/483] tt32... (login_check=False) ✗ Logged out - signing up...
    → Signup: swifttrack252@automateyourbizz.xyz / swifttrack39
    → Sending code...
    → Code: 137668
    ✓ Signup complete! @swifttrack39
[11/483] tt33... (login_check=False) ✗ Logged out - signing up...
    → Signup: neonpath218@automateyourbizz.xyz / neonpath96
    → Sending code...
    → Code: 606860
    ✓ Signup complete! @neonpath96
[12/483] tt34... (login_check=False) ✗ Logged out - signing up...
    → Signup: cosmicwave956@automateyourbizz.xyz / cosmicwave77
    → Sending code...
    → Code: 751531
    ✓ Signup complete! @cosmicwave77
[13/483] tt35... (login_check=False) ✗ Logged out - signing up...
    → Signup: atomicglow116@automateyourbizz.xyz / atomicglow48
    → Sending code...
    → Code: 392013
    ✓ Signup complete! @atomicglow48
[14/483] tt36... (login_check=False) ✗ Logged out - signing up...
    → Signup: echoglow405@automateyourbizz.xyz / echoglow36
    ✗ Signup error: Locator.click: Timeout 30000ms exceeded.
Call log:
  - waiting for locator("[rol
    ✗ Signup failed
[15/483] tt37... (login_check=False) ✗ Logged out - signing up...
    → Signup: brightstar988@automateyourbizz.xyz / brightstar72
    → Sending code...
    → Code: 931537
    ✓ Signup complete! @brightstar72
[16/483] tt38... (login_check=False) ✗ Logged out - signing up...
    → Signup: zenmoon552@automateyourbizz.xyz / zenmoon79
    → Sending code...
    → Code: 084824
    ✓ Signup complete! @zenmoon79
[17/483] tt39... (login_check=False) ✗ Logged out - signing up...
    → Signup: atomicphoenix341@automateyourbizz.xyz / atomicphoenix55
    → Sending code...
    → Code: 502804
    ✓ Signup complete! @atomicphoenix55
[18/483] tt40... (login_check=False) ✗ Logged out - signing up...
    → Signup: solarflame453@automateyourbizz.xyz / solarflame50
    → Sending code...
    → Code: 451668
    ✓ Signup complete! @solarflame50
[19/483] tt41... (login_check=False) ✗ Logged out - signing up...
    → Signup: lunarmoon635@automateyourbizz.xyz / lunarmoon85
    → Sending code...
    → Code: 125739
    ✓ Signup complete! @lunarmoon85
[20/483] tt42... (login_check=False) ✗ Logged out - signing up...
    → Signup: neonspark803@automateyourbizz.xyz / neonspark93
    → Sending code...
    → Code: 481713
    ✓ Signup complete! @neonspark93
[21/483] tt43... (login_check=False) ✗ Logged out - signing up...
    → Signup: crystalmoon171@automateyourbizz.xyz / crystalmoon57
    ✗ Signup error: Locator.click: Timeout 30000ms exceeded.
Call log:
  - waiting for locator("[rol
    ✗ Signup failed
[22/483] tt44... (login_check=False) ✗ Logged out - signing up...
    → Signup: zenflame546@automateyourbizz.xyz / zenflame82
    → Sending code...
    → Code: 669718
    ✓ Signup complete! @zenflame82
[23/483] tt45... (login_check=False) ✗ Logged out - signing up...
    → Signup: zenphoenix358@automateyourbizz.xyz / zenphoenix81
    → Sending code...
    → Code: 973735
    ✓ Signup complete! @zenphoenix81
[24/483] tt46... (login_check=False) ✗ Logged out - signing up...
    → Signup: brightstar940@automateyourbizz.xyz / brightstar70
    → Sending code...
    → Code: 135200
    ✓ Signup complete! @brightstar70
[25/483] tt47... (login_check=False) ✗ Logged out - signing up...
    → Signup: novascope293@automateyourbizz.xyz / novascope64
    ✗ Signup error: Locator.click: Timeout 30000ms exceeded.
Call log:
  - waiting for locator("[rol
    ✗ Signup failed
[26/483] tt48... (login_check=False) ✗ Logged out - signing up...
    → Signup: driftfield188@automateyourbizz.xyz / driftfield69
    → Sending code...
    → Code: 454375
    ✓ Signup complete! @driftfield69
[27/483] tt49... (login_check=False) ✗ Logged out - signing up...
    → Signup: driftecho933@automateyourbizz.xyz / driftecho81
    → Sending code...
    → Code: 239628
    ✓ Signup complete! @driftecho81
[28/483] tt50... (login_check=False) ✗ Logged out - signing up...
    → Signup: prismcore109@automateyourbizz.xyz / prismcore30
    → Sending code...
    → Code: 186507
    ✓ Signup complete! @prismcore30
[29/483] tt51... (login_check=False) ✗ Logged out - signing up...
    → Signup: echostar103@automateyourbizz.xyz / echostar55
    → Sending code...
    → Code: 177181
    ✓ Signup complete! @echostar55
[30/483] tt52... (login_check=False) ✗ Logged out - signing up...
    → Signup: neonstar794@automateyourbizz.xyz / neonstar22
    → Sending code...
    → Code: 660998
    ✓ Signup complete! @neonstar22
[31/483] tt53... (login_check=False) ✗ Logged out - signing up...
    → Signup: cosmicscope981@automateyourbizz.xyz / cosmicscope80
    → Sending code...
    → Code: 381914
    ✓ Signup complete! @cosmicscope80
[32/483] tt54... (login_check=False) ✗ Logged out - signing up...
    → Signup: neonspark557@automateyourbizz.xyz / neonspark93
    → Sending code...
    → Code: 180960
    ✓ Signup complete! @neonspark93
[33/483] tt55... (login_check=False) ✗ Logged out - signing up...
    → Signup: vividscope374@automateyourbizz.xyz / vividscope72
    → Sending code...
    → Code: 382979
    ✓ Signup complete! @vividscope72
[34/483] tt56... (login_check=False) ✗ Logged out - signing up...
    → Signup: lunarwave792@automateyourbizz.xyz / lunarwave79
    → Sending code...
    → Code: 801293
    ✓ Signup complete! @lunarwave79
[35/483] tt57... (login_check=False) ✗ Logged out - signing up...
    → Signup: fluxspark979@automateyourbizz.xyz / fluxspark44
    → Sending code...
    → Code: 669512
    ✓ Signup complete! @fluxspark44
[36/483] tt58... (login_check=False) ✗ Logged out - signing up...
    → Signup: novascope545@automateyourbizz.xyz / novascope14
    → Sending code...
    → Code: 036776
    ✓ Signup complete! @novascope14
[37/483] tt59... (login_check=False) ✗ Logged out - signing up...
    → Signup: neonflame397@automateyourbizz.xyz / neonflame33
    → Sending code...
    → Code: 327730
    ✓ Signup complete! @neonflame33
[38/483] tt60... (login_check=False) ✗ Logged out - signing up...
    → Signup: prismfield845@automateyourbizz.xyz / prismfield26
    → Sending code...
    → Code: 966342
    ✓ Signup complete! @prismfield26
[39/483] tt61... (login_check=False) ✗ Logged out - signing up...
    → Signup: cosmicpath984@automateyourbizz.xyz / cosmicpath85
    → Sending code...
    → Code: 521460
    ✓ Signup complete! @cosmicpath85
[40/483] tt62... (login_check=False) ✗ Logged out - signing up...
    → Signup: echostream823@automateyourbizz.xyz / echostream73
    → Sending code...
    → Code: 471528
    ✓ Signup complete! @echostream73
[41/483] tt63... (login_check=False) ✗ Logged out - signing up...
    → Signup: swiftflame451@automateyourbizz.xyz / swiftflame32
    → Sending code...
    → Code: 971162
    ✓ Signup complete! @swiftflame32
[42/483] tt64... (login_check=False) ✗ Logged out - signing up...
    → Signup: zenpulse904@automateyourbizz.xyz / zenpulse18
    → Sending code...
    → Code: 183007
    ✓ Signup complete! @zenpulse18
[43/483] tt65... (login_check=False) ✗ Logged out - signing up...
    → Signup: atomicwave728@automateyourbizz.xyz / atomicwave41
    → Sending code...
    → Code: 657471
    ✓ Signup complete! @atomicwave41
[44/483] tt66... (login_check=False) ✗ Logged out - signing up...
    → Signup: echofield789@automateyourbizz.xyz / echofield21
    → Sending code...
    → Code: 711948
    ✓ Signup complete! @echofield21
[45/483] tt67... (login_check=False) ✗ Logged out - signing up...
    → Signup: driftecho956@automateyourbizz.xyz / driftecho48
    → Sending code...
    → Code: 083890
    ✓ Signup complete! @driftecho48
[46/483] tt68... (login_check=False) ✗ Logged out - signing up...
    → Signup: lunarpath905@automateyourbizz.xyz / lunarpath85
    → Sending code...
    → Code: 237255
    ✓ Signup complete! @lunarpath85
[47/483] tt69... (login_check=False) ✗ Logged out - signing up...
    → Signup: atomicverse773@automateyourbizz.xyz / atomicverse88
    → Sending code...
    → Code: 318472
    ✓ Signup complete! @atomicverse88
[48/483] tt70... (login_check=False) ✗ Logged out - signing up...
    → Signup: pixelfield414@automateyourbizz.xyz / pixelfield22
    → Sending code...
    → Code: 963216
    ✓ Signup complete! @pixelfield22
[49/483] tt71... (login_check=False) ✗ Logged out - signing up...
    → Signup: brightwave336@automateyourbizz.xyz / brightwave66
    → Sending code...
    → Code: 610216
    ✓ Signup complete! @brightwave66
[50/483] tt72... (login_check=False) ✗ Logged out - signing up...
    → Signup: driftscope953@automateyourbizz.xyz / driftscope75
    → Sending code...
    → Code: 339227
    ✓ Signup complete! @driftscope75
[51/483] tt73... (login_check=False) ✗ Logged out - signing up...
    → Signup: vividtrack653@automateyourbizz.xyz / vividtrack65
    → Sending code...
    → Code: 183673
    ✓ Signup complete! @vividtrack65
[52/483] tt74... (login_check=False) ✗ Logged out - signing up...
    → Signup: atomicecho262@automateyourbizz.xyz / atomicecho28
    → Sending code...
    → Code: 593370
    ✓ Signup complete! @atomicecho28
[53/483] tt75... (login_check=False) ✗ Logged out - signing up...
    → Signup: cosmicpath415@automateyourbizz.xyz / cosmicpath68
    ✗ Signup error: Locator.click: Timeout 30000ms exceeded.
Call log:
  - waiting for locator("[rol
    ✗ Signup failed
[54/483] tt76... (login_check=False) ✗ Logged out - signing up...
    → Signup: prismmoon152@automateyourbizz.xyz / prismmoon39
    → Sending code...
    → Code: 400087
    ✓ Signup complete! @prismmoon39
[55/483] tt77... (login_check=False) ✗ Logged out - signing up...
    → Signup: fluxecho468@automateyourbizz.xyz / fluxecho36
    → Sending code...
    → Code: 042864
    ✓ Signup complete! @fluxecho36
[56/483] tt78... (login_check=False) ✗ Logged out - signing up...
    → Signup: neoncore893@automateyourbizz.xyz / neoncore95
    → Sending code...
    ✗ No code
    ✗ Signup failed
[57/483] tt79... (login_check=False) ✗ Logged out - signing up...
    → Signup: zenpulse549@automateyourbizz.xyz / zenpulse93
    → Sending code...
    ✗ No code
    ✗ Signup failed
[58/483] tt80... (login_check=False) ✗ Logged out - signing up...
    → Signup: pixelfield781@automateyourbizz.xyz / pixelfield21
    ✗ Signup error: Locator.click: Timeout 30000ms exceeded.
Call log:
  - waiting for locator("[rol
    ✗ Signup failed
[59/483] tt81... (login_check=False) ✗ Logged out - signing up...
    → Signup: pixeltrack263@automateyourbizz.xyz / pixeltrack55
    → Sending code...
    ✗ No code
    ✗ Signup failed
[60/483] tt82... (login_check=False) ✗ Logged out - signing up...
    → Signup: brightglow363@automateyourbizz.xyz / brightglow64
    → Sending code...
    → Code: 954823
    ✓ Signup complete! @brightglow64
[61/483] tt83... (login_check=False) ✗ Logged out - signing up...
    → Signup: lunarcore279@automateyourbizz.xyz / lunarcore65
    ✗ Signup error: Locator.click: Timeout 30000ms exceeded.
Call log:
  - waiting for locator("[rol
    ✗ Signup failed
[62/483] tt84... (login_check=False) ✗ Logged out - signing up...
    → Signup: echospark276@automateyourbizz.xyz / echospark63
    → Sending code...
    → Code: 179933
    ✓ Signup complete! @echospark63
[63/483] tt85... (login_check=False) ✗ Logged out - signing up...
    → Signup: neonecho104@automateyourbizz.xyz / neonecho84
    → Sending code...
    → Code: 849272
    ✓ Signup complete! @neonecho84
[64/483] tt86... (login_check=False) ✗ Logged out - signing up...
    → Signup: crystalphoenix241@automateyourbizz.xyz / crystalphoenix88
    → Sending code...
    → Code: 387650
    ✓ Signup complete! @crystalphoenix88
[65/483] tt87... (login_check=False) ✗ Logged out - signing up...
    → Signup: vividwave561@automateyourbizz.xyz / vividwave60
    → Sending code...
    → Code: 908755
    ✓ Signup complete! @vividwave60
[66/483] tt88... (login_check=False) ✗ Logged out - signing up...
    → Signup: neonpulse558@automateyourbizz.xyz / neonpulse16
    → Sending code...
    → Code: 233324
    ✓ Signup complete! @neonpulse16
[67/483] tt89... (login_check=False) ✗ Logged out - signing up...
    → Signup: novatrack297@automateyourbizz.xyz / novatrack90
    → Sending code...
    → Code: 327471
    ✓ Signup complete! @novatrack90
[68/483] tt90... (login_check=False) ✗ Logged out - signing up...
    → Signup: vividmoon747@automateyourbizz.xyz / vividmoon34
    → Sending code...
    → Code: 766974
    ✓ Signup complete! @vividmoon34
[69/483] tt91... (login_check=False) ✗ Logged out - signing up...
    → Signup: driftfield811@automateyourbizz.xyz / driftfield97
    → Sending code...
    → Code: 572619
    ✓ Signup complete! @driftfield97
[70/483] tt92... (login_check=False) ✗ Logged out - signing up...
    → Signup: solarspark755@automateyourbizz.xyz / solarspark95
    → Sending code...
    → Code: 142230
    ✓ Signup complete! @solarspark95
[71/483] tt93... (login_check=False) ✗ Logged out - signing up...
    → Signup: vividphoenix185@automateyourbizz.xyz / vividphoenix46
    → Sending code...
    → Code: 161319
    ✓ Signup complete! @vividphoenix46
[72/483] tt94... (login_check=False) ✗ Logged out - signing up...
    → Signup: lunarstar665@automateyourbizz.xyz / lunarstar78
    → Sending code...
    → Code: 413488
    ✓ Signup complete! @lunarstar78
[73/483] tt95... (login_check=False) ✗ Logged out - signing up...
    → Signup: driftglow426@automateyourbizz.xyz / driftglow54
    ✗ Signup error: Locator.click: Timeout 30000ms exceeded.
Call log:
  - waiting for locator("[rol
    ✗ Signup failed
[74/483] tt96... (login_check=False) ✗ Logged out - signing up...
    → Signup: driftmoon729@automateyourbizz.xyz / driftmoon28
    ✗ Signup error: Locator.click: Timeout 30000ms exceeded.
Call log:
  - waiting for locator("[rol
    ✗ Signup failed
[75/483] tt97... (login_check=False) ✗ Logged out - signing up...
    → Signup: prismflame910@automateyourbizz.xyz / prismflame21
    → Sending code...
    → Code: 406470
    ✓ Signup complete! @prismflame21
[76/483] tt98... (login_check=False) ✗ Logged out - signing up...
    → Signup: echocore981@automateyourbizz.xyz / echocore76
    ✗ Signup error: Locator.click: Timeout 30000ms exceeded.
Call log:
  - waiting for locator("[rol
    ✗ Signup failed
[77/483] tt99... ✗ Error: Page.goto: net::ERR_PROXY_AUTH_REQUESTED at https:
[78/483] tt100... (login_check=False) ✗ Logged out - signing up...
    → Signup: atomictrack130@automateyourbizz.xyz / atomictrack73
    → Sending code...
    → Code: 904294
    ✓ Signup complete! @atomictrack73
[79/483] tt101... (login_check=False) ✗ Logged out - signing up...
    → Signup: neonpulse651@automateyourbizz.xyz / neonpulse38
    → Sending code...
    → Code: 663152
    ✓ Signup complete! @neonpulse38
[80/483] tt102... (login_check=False) ✗ Logged out - signing up...
    → Signup: solarpulse805@automateyourbizz.xyz / solarpulse51
    → Sending code...
    → Code: 160519
    ✓ Signup complete! @solarpulse51
[81/483] tt103... (login_check=False) ✗ Logged out - signing up...
    → Signup: driftverse121@automateyourbizz.xyz / driftverse52
    ✗ Signup error: Locator.click: Timeout 30000ms exceeded.
Call log:
  - waiting for locator("[rol
    ✗ Signup failed
[82/483] tt104... (login_check=False) ✗ Logged out - signing up...
    → Signup: brightpulse520@automateyourbizz.xyz / brightpulse81
    → Sending code...
    → Code: 504281
    ✓ Signup complete! @brightpulse81
[83/483] tt105... ✗ Error: Page.goto: net::ERR_PROXY_AUTH_REQUESTED at https:
[84/483] tt106... (login_check=False) ✗ Logged out - signing up...
    → Signup: solarstar592@automateyourbizz.xyz / solarstar62
    → Sending code...
    → Code: 862949
    ✓ Signup complete! @solarstar62
[85/483] tt107... (login_check=False) ✗ Logged out - signing up...
    → Signup: solartrack632@automateyourbizz.xyz / solartrack38
    → Sending code...
    → Code: 114079
    ✓ Signup complete! @solartrack38
[86/483] tt108... (login_check=False) ✗ Logged out - signing up...
    → Signup: cosmicverse650@automateyourbizz.xyz / cosmicverse57
    → Sending code...
    → Code: 905398
    ✓ Signup complete! @cosmicverse57
[87/483] tt109... (login_check=False) ✗ Logged out - signing up...
    → Signup: echoflame987@automateyourbizz.xyz / echoflame19
    → Sending code...
    → Code: 906411
    ✓ Signup complete! @echoflame19
[88/483] tt110... (login_check=False) ✗ Logged out - signing up...
    → Signup: echoecho563@automateyourbizz.xyz / echoecho58
    → Sending code...
    → Code: 874780
    ✓ Signup complete! @echoecho58
[89/483] tt111... (login_check=False) ✗ Logged out - signing up...
    → Signup: vividpath172@automateyourbizz.xyz / vividpath17
    → Sending code...
    → Code: 645136
    ✓ Signup complete! @vividpath17
[90/483] tt112... (login_check=False) ✗ Logged out - signing up...
    → Signup: atomicverse172@automateyourbizz.xyz / atomicverse79
    → Sending code...
    → Code: 781115
    ✓ Signup complete! @atomicverse79
[91/483] tt113... (login_check=False) ✗ Logged out - signing up...
    → Signup: driftmoon229@automateyourbizz.xyz / driftmoon50
    → Sending code...
    → Code: 106242
    ✓ Signup complete! @driftmoon50
[92/483] tt114... (login_check=False) ✗ Logged out - signing up...
    → Signup: zenpath918@automateyourbizz.xyz / zenpath89
    → Sending code...
    → Code: 737471
    ✓ Signup complete! @zenpath89
[93/483] tt115... (login_check=False) ✗ Logged out - signing up...
    → Signup: novamoon560@automateyourbizz.xyz / novamoon24
    → Sending code...
    → Code: 065886
    ✓ Signup complete! @novamoon24
[94/483] tt116... (login_check=False) ✗ Logged out - signing up...
    → Signup: zenstar558@automateyourbizz.xyz / zenstar62
    → Sending code...
    → Code: 540220
    ✓ Signup complete! @zenstar62
[95/483] tt117... (login_check=False) ✗ Logged out - signing up...
    → Signup: brightwave893@automateyourbizz.xyz / brightwave54
    → Sending code...
    → Code: 141427
    ✓ Signup complete! @brightwave54
[96/483] tt118... (login_check=False) ✗ Logged out - signing up...
    → Signup: cosmicwave639@automateyourbizz.xyz / cosmicwave28
    → Sending code...
    → Code: 736614
    ✓ Signup complete! @cosmicwave28
[97/483] tt119... (login_check=False) ✗ Logged out - signing up...
    → Signup: zenmoon822@automateyourbizz.xyz / zenmoon25
    → Sending code...
    ✗ No code
    ✗ Signup failed
[98/483] tt120... (login_check=False) ✗ Logged out - signing up...
    → Signup: atomicpulse584@automateyourbizz.xyz / atomicpulse76
    → Sending code...
    → Code: 389916
    ✓ Signup complete! @atomicpulse76
[99/483] tt121... (login_check=False) ✗ Logged out - signing up...
    → Signup: neonwave916@automateyourbizz.xyz / neonwave24
    → Sending code...
    → Code: 930363
    ✓ Signup complete! @neonwave24
[100/483] tt122... (login_check=False) ✗ Logged out - signing up...
    → Signup: lunartrack860@automateyourbizz.xyz / lunartrack26
    → Sending code...
    → Code: 362622
    ✓ Signup complete! @lunartrack26
[101/483] tt123... (login_check=False) ✗ Logged out - signing up...
    → Signup: vividpath351@automateyourbizz.xyz / vividpath23
    → Sending code...
    → Code: 125271
    ✓ Signup complete! @vividpath23
[102/483] tt124... (login_check=False) ✗ Logged out - signing up...
    → Signup: solarpulse596@automateyourbizz.xyz / solarpulse63
    → Sending code...
    → Code: 638586
    ✓ Signup complete! @solarpulse63
[103/483] tt125... (login_check=False) ✗ Logged out - signing up...
    → Signup: vividphoenix236@automateyourbizz.xyz / vividphoenix27
    → Sending code...
    → Code: 106588
    ✓ Signup complete! @vividphoenix27
[104/483] tt126... (login_check=False) ✗ Logged out - signing up...
    → Signup: neonpulse691@automateyourbizz.xyz / neonpulse57
    → Sending code...
    → Code: 604556
    ✓ Signup complete! @neonpulse57
[105/483] tt127... (login_check=False) ✗ Logged out - signing up...
    → Signup: swiftstar678@automateyourbizz.xyz / swiftstar52
    → Sending code...
    → Code: 883080
    ✓ Signup complete! @swiftstar52
[106/483] tt128... (login_check=False) ✗ Logged out - signing up...
    → Signup: novaecho789@automateyourbizz.xyz / novaecho18
    → Sending code...
    → Code: 463218
    ✓ Signup complete! @novaecho18
[107/483] tt129... (login_check=False) ✗ Logged out - signing up...
    → Signup: cosmicglow450@automateyourbizz.xyz / cosmicglow55
    → Sending code...
    → Code: 190878
    ✓ Signup complete! @cosmicglow55
[108/483] tt130... ✗ Error: Page.goto: net::ERR_PROXY_AUTH_REQUESTED at https:
[109/483] tt131... (login_check=False) ✗ Logged out - signing up...
    → Signup: fluxflame800@automateyourbizz.xyz / fluxflame50
    → Sending code...
    → Code: 740097
    ✓ Signup complete! @fluxflame50
[110/483] tt132... (login_check=False) ✗ Logged out - signing up...
    → Signup: echowave973@automateyourbizz.xyz / echowave99
    → Sending code...
    → Code: 618588
    ✓ Signup complete! @echowave99
[111/483] tt133... (login_check=False) ✗ Logged out - signing up...
    → Signup: vividspark372@automateyourbizz.xyz / vividspark40
    → Sending code...
    → Code: 108396
    ✓ Signup complete! @vividspark40
[112/483] tt134... ✗ Error: [Errno 28] No space left on device: 'debug_tt134_c
[113/483] tt135... ✗ Error: [Errno 28] No space left on device: 'debug_tt135_c
[114/483] tt136... ✗ Error: [Errno 28] No space left on device: 'debug_tt136_c
[115/483] tt137... ✗ Failed to open
[116/483] tt138... 