Fetching browsers...
Processing 505 browsers

============================================================
[1/505] tt1... ✓ Logged in
[2/505] tt2... ✓ Logged in
[3/505] tt3... ✓ Logged in
[4/505] tt4... ✓ Logged in
[5/505] tt5... ✓ Logged in
[6/505] tt6... ✓ Logged in
[7/505] tt7... ✓ Logged in
[8/505] tt8... ✓ Logged in
[9/505] tt9... ✓ Logged in
[10/505] tt10... ✓ Logged in
[11/505] tt11... ✓ Logged in
[12/505] tt12... ✓ Logged in
[13/505] tt13... ✓ Logged in
[14/505] tt14... ✓ Logged in
[15/505] tt15... ✓ Logged in
[16/505] tt16... ✓ Logged in
[17/505] tt17... ✓ Logged in
[18/505] tt18... ✓ Logged in
[19/505] tt19... ✓ Logged in
[20/505] tt20... ✓ Logged in
[21/505] tt21... ✓ Logged in
[22/505] tt22... ✓ Logged in
[23/505] tt23... ✓ Logged in
[24/505] tt24... ✓ Logged in
[25/505] tt25... ✓ Logged in
[26/505] tt26... ✓ Logged in
[27/505] tt27... ✓ Logged in
[28/505] tt28... 