============================================================
  Target Account Commenter - ALL BROWSERS
============================================================

Target accounts: 7
  - @flockboynation
  - @happyandyaya
  - @catalyst_supps
  - @aisoiq
  - @lifeadventuresafterfifty
  - @ventur_3
  - @thehouseofgracehuxley

Settings:
  - View all videos per account: True
  - Comments per account: 2
  - Parallel browsers: 3

Loading all browsers from AdsPower...
  Loaded page 1: 100 browsers (total: 100)
  Loaded page 2: 100 browsers (total: 200)
  Loaded page 3: 100 browsers (total: 300)
  Loaded page 4: 100 browsers (total: 400)
  Loaded page 5: 100 browsers (total: 500)
  Loaded page 6: 5 browsers (total: 505)
Filtered to browsers with serial numbers 500-806: 307 browsers
Found 307 browsers

Total work: 307 browsers x 7 accounts = 2149 profile visits
Expected comments: ~4298


[1/307] tt199 - Processing 7 accounts
[2/307] tt200 - Processing 7 accounts

[3/307] tt201 - Processing 7 accounts

  Checking login status...
  Checking login status...
  Checking login status...
  ⚠ tt201 NOT logged in - running auto-signup...
    [tt201] Running auto-signup...
    [tt201] Email: techspark429@automateyourbizz.xyz
  ⚠ tt199 NOT logged in - running auto-signup...
    [tt199] Running auto-signup...
    [tt199] Email: fluxtrack176@automateyourbizz.xyz
  ⚠ tt200 NOT logged in - running auto-signup...
    [tt200] Running auto-signup...
    [tt200] Email: stellarspark527@automateyourbizz.xyz
    [tt201] Birthdate filled
    [tt199] Birthdate filled
    [tt201] Code requested...
    [tt199] Code requested...
    [tt200] Birthdate filled
    [tt200] Code requested...
    [tt200] Got code: 308483
    [tt200] ✓ Signup success! @user3237038527544
  ✓ tt200 now logged in as @user3237038527544
  [1/7] @flockboynation
    Visiting @flockboynation...
    [tt199] Got code: 755909
    Found 14 videos to view
    7 videos available for commenting (skipping 7 already commented)
    [tt199] ✓ Signup success! @user8881570123916
  ✓ tt199 now logged in as @user8881570123916
  [1/7] @flockboynation
    Visiting @flockboynation...
    Found 14 videos to view
    7 videos available for commenting (skipping 7 already commented)
    [tt201] No verification code received
  ✗ Signup failed for tt201, skipping...

[4/307] tt202 - Processing 7 accounts
  Checking login status...
  ⚠ tt202 NOT logged in - running auto-signup...
    [tt202] Running auto-signup...
    [tt202] Email: digitalcore878@automateyourbizz.xyz
    [tt202] Birthdate filled
    [tt202] Code requested...
    ✓ Commented: "Love this vibe!"
    ✓ Commented: "Keep creating!"
    [tt202] No verification code received
  ✗ Signup failed for tt202, skipping...

[5/307] tt203 - Processing 7 accounts
  Checking login status...
  ⚠ tt203 NOT logged in - running auto-signup...
    [tt203] Running auto-signup...
    [tt203] Email: crystalwave443@automateyourbizz.xyz
    ✓ Commented: "Keep creating!"
    [tt203] Birthdate filled
    [tt203] Code requested...
    Viewed 14 videos, made 2 comments
  [2/7] @happyandyaya
    Visiting @happyandyaya...
    Found 32 videos to view
    26 videos available for commenting (skipping 6 already commented)
    ✓ Commented: "Love this vibe!"
    [tt203] Got code: 162042
    Viewed 14 videos, made 2 comments
    [tt203] ✓ Signup success! @user7000581221090
  ✓ tt203 now logged in as @user7000581221090
  [1/7] @flockboynation
    Visiting @flockboynation...
  [2/7] @happyandyaya
    Visiting @happyandyaya...
    Found 14 videos to view
    4 videos available for commenting (skipping 10 already commented)
    Found 32 videos to view
    26 videos available for commenting (skipping 6 already commented)
    ✓ Commented: "This is great!"
    ✓ Commented: "This is great!"
    ✓ Commented: "Keep creating!"
    Viewed 14 videos, made 2 comments
    ✗ Could not find comment input on video 21
  [2/7] @happyandyaya
    Visiting @happyandyaya...
    Found 32 videos to view
    25 videos available for commenting (skipping 7 already commented)
    ✓ Commented: "Amazing content!"
    ✓ Commented: "Keep creating!"
    Viewed 32 videos, made 1 comments
  [3/7] @catalyst_supps
    Visiting @catalyst_supps...
    Found 37 videos to view
    35 videos available for commenting (skipping 2 already commented)
    ✓ Commented: "Love this vibe!"
    Viewed 32 videos, made 2 comments
  [3/7] @catalyst_supps
    Visiting @catalyst_supps...
    Found 37 videos to view
    35 videos available for commenting (skipping 2 already commented)
    ✓ Commented: "Keep creating!"
    Viewed 32 videos, made 2 comments
  [3/7] @catalyst_supps
    Visiting @catalyst_supps...
    Found 37 videos to view
    35 videos available for commenting (skipping 2 already commented)
    ✗ Could not find comment input on video 28
    ✗ Could not find comment input on video 16
    ✗ Could not find comment input on video 20
    ✓ Commented: "Great tips! Been looking for this"
    ✗ Could not find comment input on video 34
    Viewed 37 videos, made 0 comments
  [4/7] @aisoiq
    Visiting @aisoiq...
    Found 9 videos to view
    5 videos available for commenting (skipping 4 already commented)
    ✗ Could not find comment input on video 3
    ✗ Could not find comment input on video 4
    Viewed 37 videos, made 0 comments
  [4/7] @aisoiq
    Visiting @aisoiq...
    Viewed 9 videos, made 0 comments
    Found 9 videos to view
    5 videos available for commenting (skipping 4 already commented)
  [5/7] @lifeadventuresafterfifty
    Visiting @lifeadventuresafterfifty...
    Found 48 videos to view
    44 videos available for commenting (skipping 4 already commented)
    ✗ Could not find comment input on video 3
    ✓ Commented: "Great tips! Been looking for this"
    ✗ Could not find comment input on video 5
    ✗ Could not find comment input on video 5
    Viewed 9 videos, made 0 comments
  [5/7] @lifeadventuresafterfifty
    Visiting @lifeadventuresafterfifty...
    Found 48 videos to view
    44 videos available for commenting (skipping 4 already commented)
    Viewed 37 videos, made 2 comments
  [4/7] @aisoiq
    Visiting @aisoiq...
    Found 9 videos to view
    5 videos available for commenting (skipping 4 already commented)
    ✓ Commented: "This is incredible tech!"
    ✓ Commented: "Mind blown by this"
    Viewed 9 videos, made 2 comments
  [5/7] @lifeadventuresafterfifty
    Visiting @lifeadventuresafterfifty...
    Found 48 videos to view
    44 videos available for commenting (skipping 4 already commented)
    ✗ Could not find comment input on video 23
    ✗ Could not find comment input on video 9
    ✗ Could not find comment input on video 34
    ✗ Could not find comment input on video 46
    Viewed 48 videos, made 0 comments
  [6/7] @ventur_3
    Visiting @ventur_3...
    Found 63 videos to view
    59 videos available for commenting (skipping 4 already commented)
    Viewed 48 videos, made 0 comments
  [6/7] @ventur_3
    Visiting @ventur_3...
    Found 48 videos to view
    45 videos available for commenting (skipping 3 already commented)
    ✗ Could not find comment input on video 38
    Video 40 error: Page.goto: Target page, context or brows
    Video 41 error: Page.goto: Target page, context or brows
    Video 42 error: Page.goto: Target page, context or brows
    Video 43 error: Page.goto: Target page, context or brows
    Video 44 error: Page.goto: Target page, context or brows
    Video 45 error: Page.goto: Target page, context or brows
    Video 46 error: Page.goto: Target page, context or brows
    Video 47 error: Page.goto: Target page, context or brows
    Video 48 error: Page.goto: Target page, context or brows
    Viewed 39 videos, made 0 comments
  [6/7] @ventur_3
    Visiting @ventur_3...
    Profile error: Page.goto: Target page, context or browser has bee
  [7/7] @thehouseofgracehuxley
    Visiting @thehouseofgracehuxley...
    Profile error: Page.goto: Target page, context or browser has bee
  tt203 done: 131 videos viewed, 8 comments

[6/307] tt204 - Processing 7 accounts
  Checking login status...
    Video 15 error: Page.goto: Target page, context or brows
    Video 16 error: Page.goto: Target page, context or brows
    Video 17 error: Page.goto: Target page, context or brows
    Video 18 error: Page.goto: Target page, context or brows
    Video 19 error: Page.goto: Target page, context or brows
    Video 20 error: Page.goto: Target page, context or brows
    Video 21 error: Page.goto: Target page, context or brows
    Video 22 error: Page.goto: Target page, context or brows
    Video 23 error: Page.goto: Target page, context or brows
    Video 24 error: Page.goto: Target page, context or brows
    Video 25 error: Page.goto: Target page, context or brows
    Video 26 error: Page.goto: Target page, context or brows
    Video 27 error: Page.goto: Target page, context or brows
    Video 28 error: Page.goto: Target page, context or brows
    Video 29 error: Page.goto: Target page, context or brows
    Video 30 error: Page.goto: Target page, context or brows
    Video 31 error: Page.goto: Target page, context or brows
    Video 32 error: Page.goto: Target page, context or brows
    Video 33 error: Page.goto: Target page, context or brows
    Video 34 error: Page.goto: Target page, context or brows
    Video 35 error: Page.goto: Target page, context or brows
    Video 36 error: Page.goto: Target page, context or brows
    Video 37 error: Page.goto: Target page, context or brows
    Video 38 error: Page.goto: Target page, context or brows
    Video 39 error: Page.goto: Target page, context or brows
    Video 40 error: Page.goto: Target page, context or brows
    Video 41 error: Page.goto: Target page, context or brows
    Video 42 error: Page.goto: Target page, context or brows
    Video 43 error: Page.goto: Target page, context or brows
    Video 44 error: Page.goto: Target page, context or brows
    Video 45 error: Page.goto: Target page, context or brows
    Video 46 error: Page.goto: Target page, context or brows
    Video 47 error: Page.goto: Target page, context or brows
    Video 48 error: Page.goto: Target page, context or brows
    Video 49 error: Page.goto: Target page, context or brows
    Video 50 error: Page.goto: Target page, context or brows
    Video 51 error: Page.goto: Target page, context or brows
    Video 52 error: Page.goto: Target page, context or brows
    Video 53 error: Page.goto: Target page, context or brows
    Video 54 error: Page.goto: Target page, context or brows
    Video 55 error: Page.goto: Target page, context or brows
    Video 56 error: Page.goto: Target page, context or brows
    Video 57 error: Page.goto: Target page, context or brows
    Video 58 error: Page.goto: Target page, context or brows
    Video 59 error: Page.goto: Target page, context or brows
    Video 60 error: Page.goto: Target page, context or brows
    Video 61 error: Page.goto: Target page, context or brows
    Video 62 error: Page.goto: Target page, context or brows
    Video 63 error: Page.goto: Target page, context or brows
    Viewed 14 videos, made 0 comments
    Video 9 error: Page.goto: net::ERR_ABORTED at https://w
    Video 10 error: Page.goto: net::ERR_ABORTED at https://w
    Video 11 error: Page.goto: net::ERR_ABORTED; maybe frame
    Video 12 error: Page.goto: Target page, context or brows
    Video 13 error: Page.goto: Target page, context or brows
    Video 14 error: Page.goto: Target page, context or brows
    Video 15 error: Page.goto: Target page, context or brows
    Video 16 error: Page.goto: Target page, context or brows
    Video 17 error: Page.goto: Target page, context or brows
    Video 18 error: Page.goto: Target page, context or brows
    Video 19 error: Page.goto: Target page, context or brows
    Video 20 error: Page.goto: Target page, context or brows
    Video 21 error: Page.goto: Target page, context or brows
    Video 22 error: Page.goto: Target page, context or brows
    Video 23 error: Page.goto: Target page, context or brows
    Video 24 error: Page.goto: Target page, context or brows
    Video 25 error: Page.goto: Target page, context or brows
    Video 26 error: Page.goto: Target page, context or brows
    Video 27 error: Page.goto: Target page, context or brows
    Video 28 error: Page.goto: Target page, context or brows
    Video 29 error: Page.goto: Target page, context or brows
    Video 30 error: Page.goto: Target page, context or brows
    Video 31 error: Page.goto: Target page, context or brows
    Video 32 error: Page.goto: Target page, context or brows
    Video 33 error: Page.goto: Target page, context or brows
    Video 34 error: Page.goto: Target page, context or brows
    Video 35 error: Page.goto: Target page, context or brows
    Video 36 error: Page.goto: Target page, context or brows
    Video 37 error: Page.goto: Target page, context or brows
    Video 38 error: Page.goto: Target page, context or brows
    Video 39 error: Page.goto: Target page, context or brows
    Video 40 error: Page.goto: Target page, context or brows
    Video 41 error: Page.goto: Target page, context or brows
    Video 42 error: Page.goto: Target page, context or brows
    Video 43 error: Page.goto: Target page, context or brows
    Video 44 error: Page.goto: Target page, context or brows
    Video 45 error: Page.goto: Target page, context or brows
    Video 46 error: Page.goto: Target page, context or brows
    Video 47 error: Page.goto: Target page, context or brows
    Video 48 error: Page.goto: Target page, context or brows
    Viewed 8 videos, made 0 comments
  [7/7] @thehouseofgracehuxley
    Visiting @thehouseofgracehuxley...
    Profile error: Page.goto: Target page, context or browser has bee
  tt200 done: 154 videos viewed, 3 comments

[7/307] tt205 - Processing 7 accounts
  ⚠ tt204 NOT logged in - running auto-signup...
    [tt204] Running auto-signup...
    [tt204] Email: zendragon903@automateyourbizz.xyz
  [7/7] @thehouseofgracehuxley
    Visiting @thehouseofgracehuxley...
    Profile error: Page.goto: Target page, context or browser has bee
  tt199 done: 148 videos viewed, 4 comments

[8/307] tt206 - Processing 7 accounts
  Checking login status...
  Checking login status...
    [tt204] Birthdate filled
    [tt204] Code requested...
  ⚠ tt205 NOT logged in - running auto-signup...
    [tt205] Running auto-signup...
    [tt205] Email: pixelstar123@automateyourbizz.xyz
  ⚠ tt206 NOT logged in - running auto-signup...
    [tt206] Running auto-signup...
    [tt206] Email: forestfalcon687@automateyourbizz.xyz
    [tt205] Birthdate filled
    [tt205] Code requested...
    [tt206] Birthdate filled
    [tt206] Code requested...
    [tt206] Got code: 128640
    [tt204] Got code: 229193
    [tt205] Got code: 352546
    [tt206] ✓ Signup success! @user1587582803140
  ✓ tt206 now logged in as @user1587582803140
  [1/7] @flockboynation
    Visiting @flockboynation...
    Found 14 videos to view
    2 videos available for commenting (skipping 12 already commented)
    [tt205] ✓ Signup success! @user8852887979308
  ✓ tt205 now logged in as @user8852887979308
  [1/7] @flockboynation
    Visiting @flockboynation...
    [tt204] ✓ Signup success! @user8238019888297
  ✓ tt204 now logged in as @user8238019888297
  [1/7] @flockboynation
    Visiting @flockboynation...
    Found 14 videos to view
    2 videos available for commenting (skipping 12 already commented)
    Found 14 videos to view
    2 videos available for commenting (skipping 12 already commented)
    ✓ Commented: "Love this vibe!"
    ✓ Commented: "This is great!"
    ✓ Commented: "Amazing content!"
    ✓ Commented: "Keep creating!"
    ✓ Commented: "This is fire!"
    ✓ Commented: "Amazing content!"
    Viewed 14 videos, made 2 comments
  [2/7] @happyandyaya
    Visiting @happyandyaya...
    Viewed 14 videos, made 2 comments
    Found 32 videos to view
    21 videos available for commenting (skipping 11 already commented)
    Viewed 14 videos, made 2 comments
  [2/7] @happyandyaya
    Visiting @happyandyaya...
  [2/7] @happyandyaya
    Visiting @happyandyaya...
    Found 26 videos to view
    16 videos available for commenting (skipping 10 already commented)
    Found 32 videos to view
    21 videos available for commenting (skipping 11 already commented)
    ✓ Commented: "Keep creating!"
    ✓ Commented: "This is fire!"
    ✓ Commented: "Keep creating!"
    Video 23 error: Keyboard.press: Target page, context or 
    Video 24 error: Page.goto: Target page, context or brows
    Video 25 error: Page.goto: Target page, context or brows
    Video 26 error: Page.goto: Target page, context or brows
    Video 27 error: Page.goto: Target page, context or brows
    Video 28 error: Page.goto: Target page, context or brows
    Video 29 error: Page.goto: Target page, context or brows
    Video 30 error: Page.goto: Target page, context or brows
    Video 31 error: Page.goto: Target page, context or brows
    Video 32 error: Page.goto: Target page, context or brows
    Viewed 23 videos, made 0 comments
  [3/7] @catalyst_supps
    Visiting @catalyst_supps...
    Profile error: Page.goto: Target page, context or browser has bee
    Video 20 error: Page.goto: net::ERR_ABORTED at https://w
    Video 21 error: Page.goto: net::ERR_ABORTED; maybe frame
    Video 22 error: Page.goto: Target page, context or brows
    Video 23 error: Page.goto: Target page, context or brows
    Video 24 error: Page.goto: Target page, context or brows
    Video 25 error: Page.goto: Target page, context or brows
    Video 26 error: Page.goto: Target page, context or brows
    Viewed 19 videos, made 2 comments
  [4/7] @aisoiq
    Visiting @aisoiq...
    Profile error: Page.goto: Target page, context or browser has bee
  [3/7] @catalyst_supps
    Visiting @catalyst_supps...
    Profile error: Page.goto: Target page, context or browser has bee
  [5/7] @lifeadventuresafterfifty
    Visiting @lifeadventuresafterfifty...
    Profile error: Page.goto: Target page, context or browser has bee
  [4/7] @aisoiq
    Visiting @aisoiq...
    Profile error: Page.goto: Target page, context or browser has bee
  [5/7] @lifeadventuresafterfifty
    Visiting @lifeadventuresafterfifty...
    Profile error: Page.goto: Target page, context or browser has bee
  [6/7] @ventur_3
    Visiting @ventur_3...
    Profile error: Page.goto: Target page, context or browser has bee
    Video 24 error: Page.goto: Target page, context or brows
    Video 25 error: Page.goto: Target page, context or brows
    Video 26 error: Page.goto: Target page, context or brows
    Video 27 error: Page.goto: Target page, context or brows
    Video 28 error: Page.goto: Target page, context or brows
    Video 29 error: Page.goto: Target page, context or brows
    Video 30 error: Page.goto: Target page, context or brows
    Video 31 error: Page.goto: Target page, context or brows
    Video 32 error: Page.goto: Target page, context or brows
    Viewed 23 videos, made 1 comments
  [6/7] @ventur_3
    Visiting @ventur_3...
    Profile error: Page.goto: Target page, context or browser has bee
  [3/7] @catalyst_supps
    Visiting @catalyst_supps...
    Profile error: Page.goto: Target page, context or browser has bee
  [7/7] @thehouseofgracehuxley
    Visiting @thehouseofgracehuxley...
    Profile error: Page.goto: Target page, context or browser has bee
  tt206 done: 37 videos viewed, 2 comments

[9/307] tt207 - Processing 7 accounts
  [4/7] @aisoiq
    Visiting @aisoiq...
    Profile error: Page.goto: Target page, context or browser has bee
  Checking login status...
