Fetching browsers...
Processing 483 browsers (starting from tt23)

============================================================
[1/483] tt23... (login_check=False) ✗ Logged out - signing up...
    → Signup: neonfield130@automateyourbizz.xyz / neonfield36
    → Sending code...
    → Code: 607401
    → Saved 44 cookies to tiktok_cookies/tt23_cookies.json
    ✓ Signup complete! @neonfield36
[2/483] tt24... (login_check=False) ✗ Logged out - signing up...
    → Signup: prismmoon506@automateyourbizz.xyz / prismmoon17
    ✗ Signup error: Locator.click: Timeout 30000ms exceeded.
Call log:
  - waiting for locator("[rol
    ✗ Signup failed
[3/483] tt25... (login_check=False) ✗ Logged out - signing up...
    → Signup: solarecho838@automateyourbizz.xyz / solarecho25
    ✗ Signup error: Locator.click: Timeout 30000ms exceeded.
Call log:
  - waiting for locator("[rol
    ✗ Signup failed
[4/483] tt26... (login_check=False) ✗ Logged out - signing up...
    → Signup: solarwave588@automateyourbizz.xyz / solarwave57
    → Sending code...
    → Code: 003892
    → Saved 42 cookies to tiktok_cookies/tt26_cookies.json
    ✓ Signup complete! @solarwave57
[5/483] tt27... (login_check=False) ✗ Logged out - signing up...
    → Signup: vividscope969@automateyourbizz.xyz / vividscope86
    ✗ Signup error: Locator.click: Timeout 30000ms exceeded.
Call log:
  - waiting for locator("[rol
    ✗ Signup failed
[6/483] tt28... (login_check=False) ✗ Logged out - signing up...
    → Signup: zenpulse129@automateyourbizz.xyz / zenpulse52
    → Sending code...
    → Code: 195909
    → Saved 40 cookies to tiktok_cookies/tt28_cookies.json
    ✓ Signup complete! @zenpulse52
[7/483] tt29... (login_check=False) ✗ Logged out - signing up...
    → Signup: neonspark116@automateyourbizz.xyz / neonspark42
    → Sending code...
    → Code: 084761
    → Saved 41 cookies to tiktok_cookies/tt29_cookies.json
    ✓ Signup complete! @neonspark42
[8/483] tt30... 