Fetching browser list...

[tt116] Starting signup...
  Email: foreststream313@automateyourbizz.xyz

============================================================
Signing up tt116
  Email: foreststream313@automateyourbizz.xyz
  Username: fluxstar60
============================================================
  → Opening TikTok signup...
  → Filling birthdate...
  ✗ Error: Locator.click: Timeout 30000ms exceeded.
Call log:
  - waiting for locator("[role='combobox'][aria-l

[tt115] Starting signup...
  Email: lunarfalcon703@automateyourbizz.xyz

============================================================
Signing up tt115
  Email: lunarfalcon703@automateyourbizz.xyz
  Username: quantumtiger11
============================================================
  → Opening TikTok signup...
  → Filling birthdate...
  ✗ Error: Locator.click: Timeout 30000ms exceeded.
Call log:
  - waiting for locator("[role='combobox'][aria-l

[tt114] Starting signup...
  Email: echotiger883@automateyourbizz.xyz

============================================================
Signing up tt114
  Email: echotiger883@automateyourbizz.xyz
  Username: fluxmoon39
============================================================
  → Opening TikTok signup...
  → Filling birthdate...
  ✗ Error: Locator.click: Timeout 30000ms exceeded.
Call log:
  - waiting for locator("[role='combobox'][aria-l

[tt113] Starting signup...
  Email: brightpath142@automateyourbizz.xyz

============================================================
Signing up tt113
  Email: brightpath142@automateyourbizz.xyz
  Username: forestfocus78
============================================================
  → Opening TikTok signup...
  → Filling birthdate...
  → Entering email...
  → Entering password...
  → Clicking 'Send code'...
  ✓ Code sent!
  → Fetching verification code...
  ✓ Got code: 396305
  → Creating username: forestfocus78
  ⚠ Signup incomplete - URL: https://www.tiktok.com/signup/create-username

[tt112] Starting signup...
  Email: foresttiger874@automateyourbizz.xyz

============================================================
Signing up tt112
  Email: foresttiger874@automateyourbizz.xyz
  Username: solarstream44
============================================================
  → Opening TikTok signup...
  → Filling birthdate...
  ✗ Error: Locator.click: Timeout 30000ms exceeded.
Call log:
  - waiting for locator("[role='combobox'][aria-l

[tt111] Starting signup...
  Email: lunarverse384@automateyourbizz.xyz

============================================================
Signing up tt111
  Email: lunarverse384@automateyourbizz.xyz
  Username: atomiceagle30
============================================================
  → Opening TikTok signup...
  → Filling birthdate...
  ✗ Error: Locator.click: Timeout 30000ms exceeded.
Call log:
  - waiting for locator("[role='combobox'][aria-l

[tt110] Starting signup...
  Email: digitalverse518@automateyourbizz.xyz

============================================================
Signing up tt110
  Email: digitalverse518@automateyourbizz.xyz
  Username: stellarmoon96
============================================================
  → Opening TikTok signup...
  → Filling birthdate...
  → Entering email...
  → Entering password...
  → Clicking 'Send code'...
  ✓ Code sent!
  → Fetching verification code...
  ✓ Got code: 664744
  → Creating username: stellarmoon96
  ⚠ Username step: Locator.click: Timeout 15000ms exceeded.
Call log:
  ⚠ Signup incomplete - URL: https://www.tiktok.com/signup/create-username

[tt109] Starting signup...
  Email: lunartrack741@automateyourbizz.xyz

============================================================
Signing up tt109
  Email: lunartrack741@automateyourbizz.xyz
  Username: foresttrack93
============================================================
  → Opening TikTok signup...
  → Filling birthdate...
  ✗ Error: Locator.click: Timeout 30000ms exceeded.
Call log:
  - waiting for locator("[role='combobox'][aria-l

[tt108] Starting signup...
  Email: foresteagle379@automateyourbizz.xyz

============================================================
Signing up tt108
  Email: foresteagle379@automateyourbizz.xyz
  Username: stellartiger33
============================================================
  → Opening TikTok signup...
  → Filling birthdate...
  → Entering email...
  → Entering password...
  → Clicking 'Send code'...
  ✓ Code sent!
  → Fetching verification code...
  ✓ Got code: 668371
  → Creating username: stellartiger33
  ⚠ Signup incomplete - URL: https://www.tiktok.com/signup/create-username

[tt107] Starting signup...
  Email: brightglow130@automateyourbizz.xyz

============================================================
Signing up tt107
  Email: brightglow130@automateyourbizz.xyz
  Username: zeneagle87
============================================================
  → Opening TikTok signup...
  → Filling birthdate...
  → Entering email...
  → Entering password...
  → Clicking 'Send code'...
  ✓ Code sent!
  → Fetching verification code...
  ✓ Got code: 511458
  → Creating username: zeneagle87
  ⚠ Signup incomplete - URL: https://www.tiktok.com/signup/create-username

[tt106] Starting signup...
  Email: cybertrack673@automateyourbizz.xyz

============================================================
Signing up tt106
  Email: cybertrack673@automateyourbizz.xyz
  Username: forestcore66
============================================================
  → Opening TikTok signup...
  → Filling birthdate...
  ✗ Error: Locator.click: Timeout 30000ms exceeded.
Call log:
  - waiting for locator("[role='combobox'][aria-l

[tt105] Starting signup...
  Email: atomicpixel880@automateyourbizz.xyz

============================================================
Signing up tt105
  Email: atomicpixel880@automateyourbizz.xyz
  Username: techwolf47
============================================================
  → Opening TikTok signup...
  → Filling birthdate...
  ✗ Error: Locator.click: Timeout 30000ms exceeded.
Call log:
  - waiting for locator("[role='combobox'][aria-l

[tt104] Starting signup...
  Email: swiftfocus584@automateyourbizz.xyz

============================================================
Signing up tt104
  Email: swiftfocus584@automateyourbizz.xyz
  Username: forestpath53
============================================================
  → Opening TikTok signup...
  → Filling birthdate...
  ✗ Error: Locator.click: Timeout 30000ms exceeded.
Call log:
  - waiting for locator("[role='combobox'][aria-l

[tt103] Starting signup...
  Email: lunarphoenix831@automateyourbizz.xyz

============================================================
Signing up tt103
  Email: lunarphoenix831@automateyourbizz.xyz
  Username: smartglow43
============================================================
  → Opening TikTok signup...
  → Filling birthdate...
  ✗ Error: Locator.click: Timeout 30000ms exceeded.
Call log:
  - waiting for locator("[role='combobox'][aria-l

[tt102] Starting signup...
  Email: atomicverse455@automateyourbizz.xyz

============================================================
Signing up tt102
  Email: atomicverse455@automateyourbizz.xyz
  Username: swiftmoon48
============================================================
  → Opening TikTok signup...
  → Filling birthdate...
  → Entering email...
  → Entering password...
  → Clicking 'Send code'...
  → Fetching verification code...
  ✓ Got code: 448243
  → Creating username: swiftmoon48
  ⚠ Signup incomplete - URL: https://www.tiktok.com/signup/create-username

[tt101] Starting signup...
  Email: crystalpath341@automateyourbizz.xyz

============================================================
Signing up tt101
  Email: crystalpath341@automateyourbizz.xyz
  Username: fluxdragon81
============================================================
  → Opening TikTok signup...
  → Filling birthdate...
  → Entering email...
  → Entering password...
  → Clicking 'Send code'...
  ✓ Code sent!
  → Fetching verification code...
  ✓ Got code: 621262
  → Creating username: fluxdragon81
  ⚠ Signup incomplete - URL: https://www.tiktok.com/signup/create-username

[tt100] Starting signup...
  Email: pixeldragon786@automateyourbizz.xyz

============================================================
Signing up tt100
  Email: pixeldragon786@automateyourbizz.xyz
  Username: techstream89
============================================================
  → Opening TikTok signup...
  → Filling birthdate...
  → Entering email...
  → Entering password...
  → Clicking 'Send code'...
  ✓ Code sent!
  → Fetching verification code...
  ✓ Got code: 347163
  → Creating username: techstream89
  ⚠ Signup incomplete - URL: https://www.tiktok.com/signup/create-username

[tt99] Starting signup...
  Email: pixelfocus590@automateyourbizz.xyz

============================================================
Signing up tt99
  Email: pixelfocus590@automateyourbizz.xyz
  Username: novapath18
============================================================
  → Opening TikTok signup...
  → Filling birthdate...
  → Entering email...
  → Entering password...
  → Clicking 'Send code'...
  ✓ Code sent!
  → Fetching verification code...
  ✓ Got code: 062953
  → Creating username: novapath18
  ⚠ Signup incomplete - URL: https://www.tiktok.com/signup/create-username

[tt98] Starting signup...
  Email: stellarphoenix662@automateyourbizz.xyz

============================================================
Signing up tt98
  Email: stellarphoenix662@automateyourbizz.xyz
  Username: techphoenix32
============================================================
  → Opening TikTok signup...
  → Filling birthdate...
  → Entering email...
  → Entering password...
  → Clicking 'Send code'...
  → Fetching verification code...
  ✓ Got code: 304442
  → Creating username: techphoenix32
  ⚠ Signup incomplete - URL: https://www.tiktok.com/signup/create-username

[tt97] Starting signup...
  Email: pixelspark690@automateyourbizz.xyz

============================================================
Signing up tt97
  Email: pixelspark690@automateyourbizz.xyz
  Username: stellarpulse88
============================================================
  → Opening TikTok signup...
  → Filling birthdate...
  → Entering email...
  → Entering password...
  → Clicking 'Send code'...
  ✓ Code sent!
  → Fetching verification code...
  ✓ Got code: 338986
  → Creating username: stellarpulse88
  ⚠ Signup incomplete - URL: https://www.tiktok.com/signup/create-username

[tt96] Starting signup...
  Email: solardragon779@automateyourbizz.xyz

============================================================
Signing up tt96
  Email: solardragon779@automateyourbizz.xyz
  Username: swiftflame70
============================================================
  → Opening TikTok signup...
  → Filling birthdate...
  → Entering email...
  → Entering password...
  → Clicking 'Send code'...
  ✓ Code sent!
  → Fetching verification code...
  ✓ Got code: 630144
  → Creating username: swiftflame70
  ⚠ Signup incomplete - URL: https://www.tiktok.com/signup/create-username

[tt95] Starting signup...
  Email: lunarverse629@automateyourbizz.xyz

============================================================
Signing up tt95
  Email: lunarverse629@automateyourbizz.xyz
  Username: vividtrack34
============================================================
  → Opening TikTok signup...
  → Filling birthdate...
  → Entering email...
  → Entering password...
  → Clicking 'Send code'...
  ✓ Code sent!
  → Fetching verification code...
  ✓ Got code: 450207
  → Creating username: vividtrack34
  ⚠ Username step: Locator.click: Timeout 15000ms exceeded.
Call log:
  ⚠ Signup incomplete - URL: https://www.tiktok.com/signup/create-username

[tt94] Starting signup...
  Email: crystalwolf990@automateyourbizz.xyz

============================================================
Signing up tt94
  Email: crystalwolf990@automateyourbizz.xyz
  Username: brightecho47
============================================================
  → Opening TikTok signup...
  → Filling birthdate...
  → Entering email...
  → Entering password...
  → Clicking 'Send code'...
  ✓ Code sent!
  → Fetching verification code...
  ✓ Got code: 854777
  → Creating username: brightecho47
  ⚠ Signup incomplete - URL: https://www.tiktok.com/signup/create-username

[tt93] Starting signup...
  Email: lunarphoenix475@automateyourbizz.xyz

============================================================
Signing up tt93
  Email: lunarphoenix475@automateyourbizz.xyz
  Username: oceanpixel83
============================================================
  → Opening TikTok signup...
  → Filling birthdate...
  → Entering email...
  → Entering password...
  → Clicking 'Send code'...
  ✓ Code sent!
  → Fetching verification code...
  ✓ Got code: 275330
  → Creating username: oceanpixel83
  ⚠ Signup incomplete - URL: https://www.tiktok.com/signup/create-username

[tt92] Starting signup...
  Email: zenverse470@automateyourbizz.xyz

============================================================
Signing up tt92
  Email: zenverse470@automateyourbizz.xyz
  Username: cosmiceagle36
============================================================
  → Opening TikTok signup...
  → Filling birthdate...
  → Entering email...
  → Entering password...
  → Clicking 'Send code'...
  ✓ Code sent!
  → Fetching verification code...
  ✓ Got code: 109933
  → Creating username: cosmiceagle36
  ⚠ Signup incomplete - URL: https://www.tiktok.com/signup/create-username

[tt91] Starting signup...
  Email: cybercore276@automateyourbizz.xyz

============================================================
Signing up tt91
  Email: cybercore276@automateyourbizz.xyz
  Username: vividfalcon14
============================================================
  → Opening TikTok signup...
  → Filling birthdate...
  → Entering email...
  → Entering password...
  → Clicking 'Send code'...
  ✓ Code sent!
  → Fetching verification code...
  ✓ Got code: 423174
  → Creating username: vividfalcon14
  ⚠ Signup incomplete - URL: https://www.tiktok.com/signup/create-username

[tt90] Starting signup...
  Email: pixelverse937@automateyourbizz.xyz

============================================================
Signing up tt90
  Email: pixelverse937@automateyourbizz.xyz
  Username: echoscope92
============================================================
  → Opening TikTok signup...
  → Filling birthdate...
  ✗ Error: Locator.click: Timeout 30000ms exceeded.
Call log:
  - waiting for locator("[role='combobox'][aria-l

[tt89] Starting signup...
  Email: stellarphoenix948@automateyourbizz.xyz

============================================================
Signing up tt89
  Email: stellarphoenix948@automateyourbizz.xyz
  Username: swiftgrid78
============================================================
  → Opening TikTok signup...
  → Filling birthdate...
  ✗ Error: Locator.click: Timeout 30000ms exceeded.
Call log:
  - waiting for locator("[role='combobox'][aria-l

[tt88] Starting signup...
  Email: swiftdragon378@automateyourbizz.xyz

============================================================
Signing up tt88
  Email: swiftdragon378@automateyourbizz.xyz
  Username: novascope34
============================================================
  → Opening TikTok signup...
  → Filling birthdate...
  → Entering email...
  → Entering password...
  → Clicking 'Send code'...
  ✓ Code sent!
  → Fetching verification code...
  ✓ Got code: 991037
  → Creating username: novascope34
  ⚠ Signup incomplete - URL: https://www.tiktok.com/signup/create-username

[tt87] Starting signup...
  Email: driftverse142@automateyourbizz.xyz

============================================================
Signing up tt87
  Email: driftverse142@automateyourbizz.xyz
  Username: cybermoon99
============================================================
  → Opening TikTok signup...
  → Filling birthdate...
  → Entering email...
  → Entering password...
  → Clicking 'Send code'...
  → Fetching verification code...
  ✗ Could not get verification code

[tt86] Starting signup...
  Email: fluxdragon397@automateyourbizz.xyz

============================================================
Signing up tt86
  Email: fluxdragon397@automateyourbizz.xyz
  Username: echostream23
============================================================
  → Opening TikTok signup...
  → Filling birthdate...
  → Entering email...
  → Entering password...
  → Clicking 'Send code'...
  ✓ Code sent!
  → Fetching verification code...
  ✓ Got code: 244244
  → Creating username: echostream23
  ⚠ Signup incomplete - URL: https://www.tiktok.com/signup/create-username

[tt85] Starting signup...
  Email: pixelflame325@automateyourbizz.xyz

============================================================
Signing up tt85
  Email: pixelflame325@automateyourbizz.xyz
  Username: oceanphoenix76
============================================================
  → Opening TikTok signup...
  → Filling birthdate...
  ✗ Error: Locator.click: Timeout 30000ms exceeded.
Call log:
  - waiting for locator("[role='combobox'][aria-l

[tt84] Starting signup...
  Email: vividecho305@automateyourbizz.xyz

============================================================
Signing up tt84
  Email: vividecho305@automateyourbizz.xyz
  Username: atomicverse28
============================================================
  → Opening TikTok signup...
  → Filling birthdate...
  ✗ Error: Locator.click: Timeout 30000ms exceeded.
Call log:
  - waiting for locator("[role='combobox'][aria-l

[tt83] Starting signup...
  Email: prismpixel984@automateyourbizz.xyz

============================================================
Signing up tt83
  Email: prismpixel984@automateyourbizz.xyz
  Username: cyberspark99
============================================================
  → Opening TikTok signup...
  → Filling birthdate...
  ✗ Error: Locator.click: Timeout 30000ms exceeded.
Call log:
  - waiting for locator("[role='combobox'][aria-l

[tt82] Starting signup...
  Email: novawolf459@automateyourbizz.xyz

============================================================
Signing up tt82
  Email: novawolf459@automateyourbizz.xyz
  Username: fluxpath96
============================================================
  → Opening TikTok signup...
  → Filling birthdate...
  ✗ Error: Locator.click: Timeout 30000ms exceeded.
Call log:
  - waiting for locator("[role='combobox'][aria-l

[tt81] Starting signup...
  Email: fluxtrack918@automateyourbizz.xyz

============================================================
Signing up tt81
  Email: fluxtrack918@automateyourbizz.xyz
  Username: smartspark98
============================================================
  → Opening TikTok signup...
  → Filling birthdate...
  ✗ Error: Locator.click: Timeout 30000ms exceeded.
Call log:
  - waiting for locator("[role='combobox'][aria-l

[tt80] Starting signup...
  Email: atomictrack810@automateyourbizz.xyz

============================================================
Signing up tt80
  Email: atomictrack810@automateyourbizz.xyz
  Username: stellarpulse69
============================================================
  → Opening TikTok signup...
  → Filling birthdate...
  ✗ Error: Locator.click: Timeout 30000ms exceeded.
Call log:
  - waiting for locator("[role='combobox'][aria-l

[tt79] Starting signup...
  Email: quantumspark585@automateyourbizz.xyz

============================================================
Signing up tt79
  Email: quantumspark585@automateyourbizz.xyz
  Username: oceanwolf80
============================================================
  → Opening TikTok signup...
  → Filling birthdate...
  ✗ Error: Locator.click: Timeout 30000ms exceeded.
Call log:
  - waiting for locator("[role='combobox'][aria-l

[tt78] Starting signup...
  Email: cybertiger391@automateyourbizz.xyz

============================================================
Signing up tt78
  Email: cybertiger391@automateyourbizz.xyz
  Username: smartfield39
============================================================
  → Opening TikTok signup...
  → Filling birthdate...
  ✗ Error: Locator.click: Timeout 30000ms exceeded.
Call log:
  - waiting for locator("[role='combobox'][aria-l

[tt77] Starting signup...
  Email: cosmicglow907@automateyourbizz.xyz

============================================================
Signing up tt77
  Email: cosmicglow907@automateyourbizz.xyz
  Username: novaflame81
============================================================
  → Opening TikTok signup...
  → Filling birthdate...
  ✗ Error: Locator.click: Timeout 30000ms exceeded.
Call log:
  - waiting for locator("[role='combobox'][aria-l

[tt76] Starting signup...
  Email: quantumpath505@automateyourbizz.xyz

============================================================
Signing up tt76
  Email: quantumpath505@automateyourbizz.xyz
  Username: drifteagle89
============================================================
  → Opening TikTok signup...
  → Filling birthdate...
  ✗ Error: Locator.click: Timeout 30000ms exceeded.
Call log:
  - waiting for locator("[role='combobox'][aria-l

[tt75] Starting signup...
  Email: brightcore638@automateyourbizz.xyz

============================================================
Signing up tt75
  Email: brightcore638@automateyourbizz.xyz
  Username: cosmiccore34
============================================================
  → Opening TikTok signup...
  → Filling birthdate...
  ✗ Error: Locator.click: Timeout 30000ms exceeded.
Call log:
  - waiting for locator("[role='combobox'][aria-l

[tt74] Starting signup...
  Email: stellartiger768@automateyourbizz.xyz

============================================================
Signing up tt74
  Email: stellartiger768@automateyourbizz.xyz
  Username: quantumtiger47
============================================================
  → Opening TikTok signup...
  → Filling birthdate...
  ✗ Error: Locator.click: Timeout 30000ms exceeded.
Call log:
  - waiting for locator("[role='combobox'][aria-l

[tt73] Starting signup...
  Email: prismpulse851@automateyourbizz.xyz

============================================================
Signing up tt73
  Email: prismpulse851@automateyourbizz.xyz
  Username: quantumgrid32
============================================================
  → Opening TikTok signup...
  → Filling birthdate...
  → Entering email...
  → Entering password...
  → Clicking 'Send code'...
  ✓ Code sent!
  → Fetching verification code...
  ✓ Got code: 633618
  → Creating username: quantumgrid32
  ⚠ Signup incomplete - URL: https://www.tiktok.com/signup/create-username

[tt72] Starting signup...
  Email: solarverse693@automateyourbizz.xyz

============================================================
Signing up tt72
  Email: solarverse693@automateyourbizz.xyz
  Username: techecho48
============================================================
  → Opening TikTok signup...
  → Filling birthdate...
  → Entering email...
  → Entering password...
  → Clicking 'Send code'...
  ✓ Code sent!
  → Fetching verification code...
  ✓ Got code: 834709
  → Creating username: techecho48
  ⚠ Signup incomplete - URL: https://www.tiktok.com/signup/create-username

[tt71] Starting signup...
  Email: pixelgrid756@automateyourbizz.xyz

============================================================
Signing up tt71
  Email: pixelgrid756@automateyourbizz.xyz
  Username: digitalpulse41
============================================================
  → Opening TikTok signup...
  → Filling birthdate...
  ✗ Error: Locator.click: Timeout 30000ms exceeded.
Call log:
  - waiting for locator("[role='combobox'][aria-l

[tt70] Starting signup...
  Email: oceanfalcon662@automateyourbizz.xyz

============================================================
Signing up tt70
  Email: oceanfalcon662@automateyourbizz.xyz
  Username: pixelverse51
============================================================
  → Opening TikTok signup...
  → Filling birthdate...
  ✗ Error: Locator.click: Timeout 30000ms exceeded.
Call log:
  - waiting for locator("[role='combobox'][aria-l

[tt69] Starting signup...
  Email: stellarmoon556@automateyourbizz.xyz

============================================================
Signing up tt69
  Email: stellarmoon556@automateyourbizz.xyz
  Username: brightspark46
============================================================
  → Opening TikTok signup...
  → Filling birthdate...
  ✗ Error: Locator.click: Timeout 30000ms exceeded.
Call log:
  - waiting for locator("[role='combobox'][aria-l

[tt68] Starting signup...
  Email: fluxmoon357@automateyourbizz.xyz

============================================================
Signing up tt68
  Email: fluxmoon357@automateyourbizz.xyz
  Username: echogrid49
============================================================
  → Opening TikTok signup...
  → Filling birthdate...
  ✗ Error: Locator.click: Timeout 30000ms exceeded.
Call log:
  - waiting for locator("[role='combobox'][aria-l

[tt67] Starting signup...
  Email: swiftfocus258@automateyourbizz.xyz

============================================================
Signing up tt67
  Email: swiftfocus258@automateyourbizz.xyz
  Username: echotiger22
============================================================
  → Opening TikTok signup...
  → Filling birthdate...
  ✗ Error: Locator.click: Timeout 30000ms exceeded.
Call log:
  - waiting for locator("[role='combobox'][aria-l

[tt66] Starting signup...
  Email: solarstream308@automateyourbizz.xyz

============================================================
Signing up tt66
  Email: solarstream308@automateyourbizz.xyz
  Username: oceanfocus67
============================================================
  → Opening TikTok signup...
  → Filling birthdate...
  ✗ Error: Locator.click: Timeout 30000ms exceeded.
Call log:
  - waiting for locator("[role='combobox'][aria-l

[tt65] Starting signup...
  Email: swiftwave168@automateyourbizz.xyz

============================================================
Signing up tt65
  Email: swiftwave168@automateyourbizz.xyz
  Username: smartgrid43
============================================================
  → Opening TikTok signup...
  → Filling birthdate...
  → Entering email...
  → Entering password...
  → Clicking 'Send code'...
  ✓ Code sent!
  → Fetching verification code...
  ✓ Got code: 206923
  → Creating username: smartgrid43
  ⚠ Signup incomplete - URL: https://www.tiktok.com/signup/create-username

[tt64] Starting signup...
  Email: smartpixel405@automateyourbizz.xyz

============================================================
Signing up tt64
  Email: smartpixel405@automateyourbizz.xyz
  Username: smartflame27
============================================================
  → Opening TikTok signup...
  → Filling birthdate...
  ✗ Error: Locator.click: Timeout 30000ms exceeded.
Call log:
  - waiting for locator("[role='combobox'][aria-l

[tt63] Starting signup...
  Email: foreststar418@automateyourbizz.xyz

============================================================
Signing up tt63
  Email: foreststar418@automateyourbizz.xyz
  Username: driftverse70
============================================================
  → Opening TikTok signup...
  → Filling birthdate...
  ✗ Error: Locator.click: Timeout 30000ms exceeded.
Call log:
  - waiting for locator("[role='combobox'][aria-l

[tt62] Starting signup...
  Email: oceanphoenix175@automateyourbizz.xyz

============================================================
Signing up tt62
  Email: oceanphoenix175@automateyourbizz.xyz
  Username: stellareagle46
============================================================
  → Opening TikTok signup...
  → Filling birthdate...
  ✗ Error: Locator.click: Timeout 30000ms exceeded.
Call log:
  - waiting for locator("[role='combobox'][aria-l

[tt61] Starting signup...
  Email: stellareagle477@automateyourbizz.xyz

============================================================
Signing up tt61
  Email: stellareagle477@automateyourbizz.xyz
  Username: brightpixel86
============================================================
  → Opening TikTok signup...
  → Filling birthdate...
  ✗ Error: Locator.click: Timeout 30000ms exceeded.
Call log:
  - waiting for locator("[role='combobox'][aria-l

[tt60] Starting signup...
  Email: techphoenix718@automateyourbizz.xyz

============================================================
Signing up tt60
  Email: techphoenix718@automateyourbizz.xyz
  Username: echoscope26
============================================================
  → Opening TikTok signup...
  → Filling birthdate...
  → Entering email...
  → Entering password...
  → Clicking 'Send code'...
  ✓ Code sent!
  → Fetching verification code...
  ✓ Got code: 547566
  → Creating username: echoscope26
  ⚠ Signup incomplete - URL: https://www.tiktok.com/signup/create-username

[tt59] Starting signup...
  Email: forestfield757@automateyourbizz.xyz

============================================================
Signing up tt59
  Email: forestfield757@automateyourbizz.xyz
  Username: novaphoenix91
============================================================
  → Opening TikTok signup...
  → Filling birthdate...
  → Entering email...
  → Entering password...
  → Clicking 'Send code'...
  ✓ Code sent!
  → Fetching verification code...
  ✓ Got code: 936387
  → Creating username: novaphoenix91
  ⚠ Username step: Locator.click: Timeout 15000ms exceeded.
Call log:
  ⚠ Signup incomplete - URL: https://www.tiktok.com/signup/create-username

[tt58] Starting signup...
  Email: forestverse933@automateyourbizz.xyz

============================================================
Signing up tt58
  Email: forestverse933@automateyourbizz.xyz
  Username: stellargrid27
============================================================
  → Opening TikTok signup...
  → Filling birthdate...
  → Entering email...
  → Entering password...
  → Clicking 'Send code'...
  → Fetching verification code...
  ✓ Got code: 950635
  → Creating username: stellargrid27
  ⚠ Signup incomplete - URL: https://www.tiktok.com/signup/create-username

[tt57] Starting signup...
  Email: crystalphoenix106@automateyourbizz.xyz

============================================================
Signing up tt57
  Email: crystalphoenix106@automateyourbizz.xyz
  Username: forestspark42
============================================================
  → Opening TikTok signup...
  → Filling birthdate...
  ✗ Error: Locator.click: Timeout 30000ms exceeded.
Call log:
  - waiting for locator("[role='combobox'][aria-l

[tt56] Starting signup...
  Email: digitalfalcon953@automateyourbizz.xyz

============================================================
Signing up tt56
  Email: digitalfalcon953@automateyourbizz.xyz
  Username: cosmicpulse18
============================================================
  → Opening TikTok signup...
  → Filling birthdate...
  ✗ Error: Locator.click: Timeout 30000ms exceeded.
Call log:
  - waiting for locator("[role='combobox'][aria-l

[tt55] Starting signup...
  Email: oceandragon900@automateyourbizz.xyz

============================================================
Signing up tt55
  Email: oceandragon900@automateyourbizz.xyz
  Username: oceanpixel73
============================================================
  → Opening TikTok signup...
  → Filling birthdate...
  ✗ Error: Locator.click: Timeout 30000ms exceeded.
Call log:
  - waiting for locator("[role='combobox'][aria-l

[tt54] Starting signup...
  Email: cosmicscope613@automateyourbizz.xyz

============================================================
Signing up tt54
  Email: cosmicscope613@automateyourbizz.xyz
  Username: crystalmoon34
============================================================
  → Opening TikTok signup...
  → Filling birthdate...
  ✗ Error: Locator.click: Timeout 30000ms exceeded.
Call log:
  - waiting for locator("[role='combobox'][aria-l

[tt53] Starting signup...
  Email: vividmoon577@automateyourbizz.xyz

============================================================
Signing up tt53
  Email: vividmoon577@automateyourbizz.xyz
  Username: vividcore90
============================================================
  → Opening TikTok signup...
  → Filling birthdate...
  → Entering email...
  → Entering password...
  → Clicking 'Send code'...
  ✓ Code sent!
  → Fetching verification code...
  ✓ Got code: 964437
  → Creating username: vividcore90
  ⚠ Signup incomplete - URL: https://www.tiktok.com/signup/create-username

[tt52] Starting signup...
  Email: pixelverse619@automateyourbizz.xyz

============================================================
Signing up tt52
  Email: pixelverse619@automateyourbizz.xyz
  Username: pixelphoenix85
============================================================
  → Opening TikTok signup...
  → Filling birthdate...
  → Entering email...
  → Entering password...
  → Clicking 'Send code'...
  ✓ Code sent!
  → Fetching verification code...
  ✓ Got code: 891071
  → Creating username: pixelphoenix85
  ⚠ Username step: Locator.click: Timeout 15000ms exceeded.
Call log:
  ⚠ Signup incomplete - URL: https://www.tiktok.com/signup/create-username

[tt51] Starting signup...
  Email: smartmoon993@automateyourbizz.xyz

============================================================
Signing up tt51
  Email: smartmoon993@automateyourbizz.xyz
  Username: swiftgrid81
============================================================
  → Opening TikTok signup...
  → Filling birthdate...
  ✗ Error: Locator.click: Timeout 30000ms exceeded.
Call log:
  - waiting for locator("[role='combobox'][aria-l

[tt50] Starting signup...
  Email: novapulse858@automateyourbizz.xyz

============================================================
Signing up tt50
  Email: novapulse858@automateyourbizz.xyz
  Username: novapulse85
============================================================
  → Opening TikTok signup...
  → Filling birthdate...
  ✗ Error: Locator.click: Timeout 30000ms exceeded.
Call log:
  - waiting for locator("[role='combobox'][aria-l

[tt49] Starting signup...
  Email: cyberpulse198@automateyourbizz.xyz

============================================================
Signing up tt49
  Email: cyberpulse198@automateyourbizz.xyz
  Username: echophoenix91
============================================================
  → Opening TikTok signup...
  → Filling birthdate...
  ✗ Error: Locator.click: Timeout 30000ms exceeded.
Call log:
  - waiting for locator("[role='combobox'][aria-l

[tt48] Starting signup...
  Email: novaflame765@automateyourbizz.xyz

============================================================
Signing up tt48
  Email: novaflame765@automateyourbizz.xyz
  Username: vividpath45
============================================================
  → Opening TikTok signup...
  → Filling birthdate...
  ✗ Error: Locator.click: Timeout 30000ms exceeded.
Call log:
  - waiting for locator("[role='combobox'][aria-l

[tt47] Starting signup...
  Email: atomicflame807@automateyourbizz.xyz

============================================================
Signing up tt47
  Email: atomicflame807@automateyourbizz.xyz
  Username: digitalflame16
============================================================
  → Opening TikTok signup...
  → Filling birthdate...
  ✗ Error: Locator.click: Timeout 30000ms exceeded.
Call log:
  - waiting for locator("[role='combobox'][aria-l

[tt46] Starting signup...
  Email: brightpixel840@automateyourbizz.xyz

============================================================
Signing up tt46
  Email: brightpixel840@automateyourbizz.xyz
  Username: pixelgrid24
============================================================
  → Opening TikTok signup...
  → Filling birthdate...
  ✗ Error: Locator.click: Timeout 30000ms exceeded.
Call log:
  - waiting for locator("[role='combobox'][aria-l

[tt45] Starting signup...
  Email: smartmoon672@automateyourbizz.xyz

============================================================
Signing up tt45
  Email: smartmoon672@automateyourbizz.xyz
  Username: solargrid24
============================================================
  → Opening TikTok signup...
  → Filling birthdate...
  ✗ Error: Locator.click: Timeout 30000ms exceeded.
Call log:
  - waiting for locator("[role='combobox'][aria-l

[tt44] Starting signup...
  Email: pixelpath241@automateyourbizz.xyz

============================================================
Signing up tt44
  Email: pixelpath241@automateyourbizz.xyz
  Username: swifttiger40
============================================================
  → Opening TikTok signup...
  → Filling birthdate...
  → Entering email...
  → Entering password...
  → Clicking 'Send code'...
  ✓ Code sent!
  → Fetching verification code...
  ✓ Got code: 756252
  → Creating username: swifttiger40
  ⚠ Signup incomplete - URL: https://www.tiktok.com/signup/create-username

[tt43] Starting signup...
  Email: vividpixel203@automateyourbizz.xyz

============================================================
Signing up tt43
  Email: vividpixel203@automateyourbizz.xyz
  Username: brightfocus39
============================================================
  → Opening TikTok signup...
  → Filling birthdate...
  ✗ Error: Locator.click: Timeout 30000ms exceeded.
Call log:
  - waiting for locator("[role='combobox'][aria-l

[tt42] Starting signup...
  Email: brightpulse232@automateyourbizz.xyz

============================================================
Signing up tt42
  Email: brightpulse232@automateyourbizz.xyz
  Username: quantumscope26
============================================================
  → Opening TikTok signup...
  → Filling birthdate...
  ✗ Error: Locator.click: Timeout 30000ms exceeded.
Call log:
  - waiting for locator("[role='combobox'][aria-l

[tt41] Starting signup...
  Email: cosmicecho579@automateyourbizz.xyz

============================================================
Signing up tt41
  Email: cosmicecho579@automateyourbizz.xyz
  Username: forestgrid98
============================================================
  → Opening TikTok signup...
  → Filling birthdate...
  ✗ Error: Locator.click: Timeout 30000ms exceeded.
Call log:
  - waiting for locator("[role='combobox'][aria-l

[tt40] Starting signup...
  Email: stellarflame141@automateyourbizz.xyz

============================================================
Signing up tt40
  Email: stellarflame141@automateyourbizz.xyz
  Username: zencore86
============================================================
  → Opening TikTok signup...
  → Filling birthdate...
  ✗ Error: Locator.click: Timeout 30000ms exceeded.
Call log:
  - waiting for locator("[role='combobox'][aria-l

[tt39] Starting signup...
  Email: atomicfield481@automateyourbizz.xyz

============================================================
Signing up tt39
  Email: atomicfield481@automateyourbizz.xyz
  Username: smartspark90
============================================================
  → Opening TikTok signup...
  → Filling birthdate...
  ✗ Error: Locator.click: Timeout 30000ms exceeded.
Call log:
  - waiting for locator("[role='combobox'][aria-l

[tt38] Starting signup...
  Email: prismdragon116@automateyourbizz.xyz

============================================================
Signing up tt38
  Email: prismdragon116@automateyourbizz.xyz
  Username: stellartrack85
============================================================
  → Opening TikTok signup...
  → Filling birthdate...
  ✗ Error: Locator.click: Timeout 30000ms exceeded.
Call log:
  - waiting for locator("[role='combobox'][aria-l

[tt37] Starting signup...
  Email: cosmicpath659@automateyourbizz.xyz

============================================================
Signing up tt37
  Email: cosmicpath659@automateyourbizz.xyz
  Username: echoeagle86
============================================================
  → Opening TikTok signup...
  → Filling birthdate...
  ✗ Error: Locator.click: Timeout 30000ms exceeded.
Call log:
  - waiting for locator("[role='combobox'][aria-l

[tt36] Starting signup...
  Email: smartfield291@automateyourbizz.xyz

============================================================
Signing up tt36
  Email: smartfield291@automateyourbizz.xyz
  Username: digitaltrack37
============================================================
  → Opening TikTok signup...
  → Filling birthdate...
  ✗ Error: Locator.click: Timeout 30000ms exceeded.
Call log:
  - waiting for locator("[role='combobox'][aria-l

[tt35] Starting signup...
  Email: driftphoenix468@automateyourbizz.xyz

============================================================
Signing up tt35
  Email: driftphoenix468@automateyourbizz.xyz
  Username: zenstream51
============================================================
  → Opening TikTok signup...
  → Filling birthdate...
  ✗ Error: Locator.click: Timeout 30000ms exceeded.
Call log:
  - waiting for locator("[role='combobox'][aria-l

[tt34] Starting signup...
  Email: foresttiger765@automateyourbizz.xyz

============================================================
Signing up tt34
  Email: foresttiger765@automateyourbizz.xyz
  Username: cosmicecho27
============================================================
  → Opening TikTok signup...
  → Filling birthdate...
  ✗ Error: Locator.click: Timeout 30000ms exceeded.
Call log:
  - waiting for locator("[role='combobox'][aria-l

[tt33] Starting signup...
  Email: cosmictrack959@automateyourbizz.xyz

============================================================
Signing up tt33
  Email: cosmictrack959@automateyourbizz.xyz
  Username: prismpulse61
============================================================
  → Opening TikTok signup...
  → Filling birthdate...
  ✗ Error: Locator.click: Timeout 30000ms exceeded.
Call log:
  - waiting for locator("[role='combobox'][aria-l

[tt32] Starting signup...
  Email: novamoon438@automateyourbizz.xyz

============================================================
Signing up tt32
  Email: novamoon438@automateyourbizz.xyz
  Username: neonphoenix29
============================================================
  → Opening TikTok signup...
  → Filling birthdate...
  ✗ Error: Locator.click: Timeout 30000ms exceeded.
Call log:
  - waiting for locator("[role='combobox'][aria-l

[tt31] Starting signup...
  Email: cyberwave604@automateyourbizz.xyz

============================================================
Signing up tt31
  Email: cyberwave604@automateyourbizz.xyz
  Username: echopixel82
============================================================
  → Opening TikTok signup...
  → Filling birthdate...
  ✗ Error: Locator.click: Timeout 30000ms exceeded.
Call log:
  - waiting for locator("[role='combobox'][aria-l

[tt30] Starting signup...
  Email: atomicpixel198@automateyourbizz.xyz

============================================================
Signing up tt30
  Email: atomicpixel198@automateyourbizz.xyz
  Username: vividwolf11
============================================================
  → Opening TikTok signup...
  → Filling birthdate...
  ✗ Error: Locator.click: Timeout 30000ms exceeded.
Call log:
  - waiting for locator("[role='combobox'][aria-l

[tt29] Starting signup...
  Email: driftwolf715@automateyourbizz.xyz

============================================================
Signing up tt29
  Email: driftwolf715@automateyourbizz.xyz
  Username: drifteagle89
============================================================
  → Opening TikTok signup...
  → Filling birthdate...
  ✗ Error: Locator.click: Timeout 30000ms exceeded.
Call log:
  - waiting for locator("[role='combobox'][aria-l

[tt28] Starting signup...
  Email: driftecho678@automateyourbizz.xyz

============================================================
Signing up tt28
  Email: driftecho678@automateyourbizz.xyz
  Username: crystalcore20
============================================================
  → Opening TikTok signup...
  → Filling birthdate...
  ✗ Error: Locator.click: Timeout 30000ms exceeded.
Call log:
  - waiting for locator("[role='combobox'][aria-l

[tt27] Starting signup...
  Email: oceanfalcon976@automateyourbizz.xyz

============================================================
Signing up tt27
  Email: oceanfalcon976@automateyourbizz.xyz
  Username: fluxstar22
============================================================
  → Opening TikTok signup...
  → Filling birthdate...
  ✗ Error: Locator.click: Timeout 30000ms exceeded.
Call log:
  - waiting for locator("[role='combobox'][aria-l

[tt26] Starting signup...
  Email: digitalpixel579@automateyourbizz.xyz

============================================================
Signing up tt26
  Email: digitalpixel579@automateyourbizz.xyz
  Username: forestgrid72
============================================================
  → Opening TikTok signup...
  → Filling birthdate...
  ✗ Error: Locator.click: Timeout 30000ms exceeded.
Call log:
  - waiting for locator("[role='combobox'][aria-l

SUMMARY: Success=0, Failed=91
