Fetching browser list...

[tt19] Starting signup...
  Email: zenpixel937@automateyourbizz.xyz

============================================================
Signing up tt19
  Email: zenpixel937@automateyourbizz.xyz
  Username: digitalglow12
============================================================
  → Opening TikTok signup...
  → Filling birthdate...
  → Entering email...
  → Entering password...
  → Clicking 'Send code'...
  ✓ Code sent!
  → Fetching verification code...
  ✓ Got code: 467828
  → Creating username: digitalglow12
  ⚠ Signup incomplete - URL: https://www.tiktok.com/signup/create-username

[tt44] Starting signup...
  Email: neonverse563@automateyourbizz.xyz

============================================================
Signing up tt44
  Email: neonverse563@automateyourbizz.xyz
  Username: atomicecho77
============================================================
  → Opening TikTok signup...
  → Filling birthdate...
  → Entering email...
  → Entering password...
  → Clicking 'Send code'...
  ✓ Code sent!
  → Fetching verification code...
  ✓ Got code: 433620
  → Creating username: atomicecho77
  ⚠ Signup incomplete - URL: https://www.tiktok.com/signup/create-username

[tt45] Starting signup...
  Email: lunarcore804@automateyourbizz.xyz

============================================================
Signing up tt45
  Email: lunarcore804@automateyourbizz.xyz
  Username: swiftpixel22
============================================================
  → Opening TikTok signup...
  → Filling birthdate...
  ✗ Error: Locator.click: Timeout 30000ms exceeded.
Call log:
  - waiting for locator("[role='combobox'][aria-l

SUMMARY: Success=0, Failed=3
