Python(79035) MallocStackLogging: can't turn off malloc stack logging because it was not enabled.
Python(86524) MallocStackLogging: can't turn off malloc stack logging because it was not enabled.
Found 505 AdsPower profiles

Processing 10 profiles...

============================================================
Processing tt1 (Browser: k19g5apm)
Email: oceansparrow567@automateyourbizz.xyz
Username: novatrack82
============================================================
  Opening browser...
  Navigating to YouTube...
  Looking for Sign In button...
  Looking for Create account...
  Filling signup form...
  Entering birthdate: January 1, 2001
  ✗ Form fill error: 'Locator' object has no attribute 'tag_name'
     Browser left open for manual completion
  Keeping browser open...

Waiting 10s before next profile...
Press Ctrl+C to stop

============================================================
Processing tt2 (Browser: k19g5b2u)
Email: digitalbolt875@automateyourbizz.xyz
Username: novafocus36
============================================================
  Opening browser...
  Navigating to YouTube...
  Looking for Sign In button...
  Already logged in or can't find sign in: Locator.wait_for: Timeout 10000ms exceeded.
Call log:
  - wa
  Keeping browser open...

Waiting 5s before next profile...
Press Ctrl+C to stop

============================================================
Processing tt3 (Browser: k19g5c43)
Email: smartstream751@automateyourbizz.xyz
Username: novafield94
============================================================
  Opening browser...
  Navigating to YouTube...
  Looking for Sign In button...
  Looking for Create account...
  ✗ Create account error: Locator.wait_for: Timeout 10000ms exceeded.
Call log:
  - waiting for locator("button:has-text(\"Cre
  Keeping browser open...

Waiting 7s before next profile...
Press Ctrl+C to stop

============================================================
Processing tt4 (Browser: k19g5ibq)
Email: techspark760@automateyourbizz.xyz
Username: novasnap80
============================================================
  Opening browser...
  Navigating to YouTube...
  Looking for Sign In button...
  Looking for Create account...
  Skipping account type selection
  Filling signup form...
  ✗ Form fill error: Locator.wait_for: Timeout 10000ms exceeded.
Call log:
  - waiting for locator("input[name=\"firstNam
     Browser left open for manual completion
  Keeping browser open...

Waiting 8s before next profile...
Press Ctrl+C to stop

============================================================
Processing tt5 (Browser: k19g5iqu)
Email: atomicdew648@automateyourbizz.xyz
Username: urbanpulse64
============================================================
  Opening browser...
  ✗ Browser error: BrowserType.connect_over_cdp: Timeout 180000ms exceeded.
Call log:
  - <ws connecting> ws://127.0.0.
  Keeping browser open...

Waiting 7s before next profile...
Press Ctrl+C to stop

============================================================
Processing tt6 (Browser: k19g7lkd)
Email: calmowl492@automateyourbizz.xyz
Username: urbanframe39
============================================================
  Opening browser...
  Navigating to YouTube...
  ✗ Browser error: Page.goto: Timeout 60000ms exceeded.
Call log:
  - navigating to "https://www.youtube.com/", waiting
  Keeping browser open...

Waiting 5s before next profile...
Press Ctrl+C to stop

============================================================
Processing tt7 (Browser: k19g7myr)
Email: pureember111@automateyourbizz.xyz
Username: urbanstory68
============================================================
  Opening browser...
Traceback (most recent call last):
  File "/opt/homebrew/lib/python3.14/site-packages/urllib3/connectionpool.py", line 534, in _make_request
    response = conn.getresponse()
  File "/opt/homebrew/lib/python3.14/site-packages/urllib3/connection.py", line 571, in getresponse
    httplib_response = super().getresponse()
  File "/opt/homebrew/Cellar/python@3.14/3.14.3_1/Frameworks/Python.framework/Versions/3.14/lib/python3.14/http/client.py", line 1450, in getresponse
    response.begin()
    ~~~~~~~~~~~~~~^^
  File "/opt/homebrew/Cellar/python@3.14/3.14.3_1/Frameworks/Python.framework/Versions/3.14/lib/python3.14/http/client.py", line 336, in begin
    version, status, reason = self._read_status()
                              ~~~~~~~~~~~~~~~~~^^
  File "/opt/homebrew/Cellar/python@3.14/3.14.3_1/Frameworks/Python.framework/Versions/3.14/lib/python3.14/http/client.py", line 297, in _read_status
    line = str(self.fp.readline(_MAXLINE + 1), "iso-8859-1")
               ~~~~~~~~~~~~~~~~^^^^^^^^^^^^^^
  File "/opt/homebrew/Cellar/python@3.14/3.14.3_1/Frameworks/Python.framework/Versions/3.14/lib/python3.14/socket.py", line 725, in readinto
    return self._sock.recv_into(b)
           ~~~~~~~~~~~~~~~~~~~~^^^
TimeoutError: timed out

The above exception was the direct cause of the following exception:

Traceback (most recent call last):
  File "/opt/homebrew/lib/python3.14/site-packages/requests/adapters.py", line 644, in send
    resp = conn.urlopen(
        method=request.method,
    ...<9 lines>...
        chunked=chunked,
    )
  File "/opt/homebrew/lib/python3.14/site-packages/urllib3/connectionpool.py", line 841, in urlopen
    retries = retries.increment(
        method, url, error=new_e, _pool=self, _stacktrace=sys.exc_info()[2]
    )
  File "/opt/homebrew/lib/python3.14/site-packages/urllib3/util/retry.py", line 490, in increment
    raise reraise(type(error), error, _stacktrace)
          ~~~~~~~^^^^^^^^^^^^^^^^^^^^^^^^^^^^^^^^^
  File "/opt/homebrew/lib/python3.14/site-packages/urllib3/util/util.py", line 39, in reraise
    raise value
  File "/opt/homebrew/lib/python3.14/site-packages/urllib3/connectionpool.py", line 787, in urlopen
    response = self._make_request(
        conn,
    ...<10 lines>...
        **response_kw,
    )
  File "/opt/homebrew/lib/python3.14/site-packages/urllib3/connectionpool.py", line 536, in _make_request
    self._raise_timeout(err=e, url=url, timeout_value=read_timeout)
    ~~~~~~~~~~~~~~~~~~~^^^^^^^^^^^^^^^^^^^^^^^^^^^^^^^^^^^^^^^^^^^^
  File "/opt/homebrew/lib/python3.14/site-packages/urllib3/connectionpool.py", line 367, in _raise_timeout
    raise ReadTimeoutError(
        self, url, f"Read timed out. (read timeout={timeout_value})"
    ) from err
urllib3.exceptions.ReadTimeoutError: HTTPConnectionPool(host='local.adspower.net', port=50325): Read timed out. (read timeout=30)

During handling of the above exception, another exception occurred:

Traceback (most recent call last):
  File "/Users/faithtemporosa/tiktok-commenter-dm/tiktok-commenter-dm/downloads/youtube_signup.py", line 319, in <module>
    main()
    ~~~~^^
  File "/Users/faithtemporosa/tiktok-commenter-dm/tiktok-commenter-dm/downloads/youtube_signup.py", line 293, in main
    if signup_youtube(profile_id, profile_name, email, password, birthdate, username):
       ~~~~~~~~~~~~~~^^^^^^^^^^^^^^^^^^^^^^^^^^^^^^^^^^^^^^^^^^^^^^^^^^^^^^^^^^^^^^^^
  File "/Users/faithtemporosa/tiktok-commenter-dm/tiktok-commenter-dm/downloads/youtube_signup.py", line 48, in signup_youtube
    debug_url = open_browser(profile_id)
  File "/Users/faithtemporosa/tiktok-commenter-dm/tiktok-commenter-dm/downloads/youtube_signup.py", line 27, in open_browser
    response = requests.get(f"{ADSPOWER_API}/api/v1/browser/start?user_id={user_id}", timeout=30)
  File "/opt/homebrew/lib/python3.14/site-packages/requests/api.py", line 73, in get
    return request("get", url, params=params, **kwargs)
  File "/opt/homebrew/lib/python3.14/site-packages/requests/api.py", line 59, in request
    return session.request(method=method, url=url, **kwargs)
           ~~~~~~~~~~~~~~~^^^^^^^^^^^^^^^^^^^^^^^^^^^^^^^^^^
  File "/opt/homebrew/lib/python3.14/site-packages/requests/sessions.py", line 589, in request
    resp = self.send(prep, **send_kwargs)
  File "/opt/homebrew/lib/python3.14/site-packages/requests/sessions.py", line 703, in send
    r = adapter.send(request, **kwargs)
  File "/opt/homebrew/lib/python3.14/site-packages/requests/adapters.py", line 690, in send
    raise ReadTimeout(e, request=request)
requests.exceptions.ReadTimeout: HTTPConnectionPool(host='local.adspower.net', port=50325): Read timed out. (read timeout=30)
